#
# A fatal error has been detected by the Java Runtime Environment:
#
#  SIGSEGV (0xb) at pc=0x00007f78850696ba, pid=13465, tid=140154576500480
#
# JRE version: Java(TM) SE Runtime Environment (8.0_71-b15) (build 1.8.0_71-b15)
# Java VM: Java HotSpot(TM) 64-Bit Server VM (25.71-b15 mixed mode linux-amd64 compressed oops)
# Problematic frame:
# v  ~BufferBlob::jni_fast_GetLongField
#
# Failed to write core dump. Core dumps have been disabled. To enable core dumping, try "ulimit -c unlimited" before starting Java again
#
# If you would like to submit a bug report, please visit:
#   http://bugreport.java.com/bugreport/crash.jsp
# The crash happened outside the Java Virtual Machine in native code.
# See problematic frame for where to report the bug.
#

---------------  T H R E A D  ---------------

Current thread (0x00007f789436e800):  JavaThread "AWT-XAWT" daemon [_thread_in_native, id=13486, stack(0x00007f7847aef000,0x00007f7847bf0000)]

siginfo: si_signo: 11 (SIGSEGV), si_code: 1 (SEGV_MAPERR), si_addr: 0x0000000000000000

Registers:
RAX=0x00007f789abc1f60, RBX=0x00007f789436e9f8, RCX=0x00007f789b624320, RDX=0x0000000000000042
RSP=0x00007f7847bee478, RBP=0x00007f7847bee4a0, RSI=0x0000000000000000, RDI=0x00007f789436e9f8
R8 =0x00000000d7001fb0, R9 =0x0000000000000000, R10=0x000000000000001e, R11=0x00007f78853a9118
R12=0x00007f783825c2f0, R13=0x0000000000000000, R14=0x00007f786d9c17e0, R15=0x00007f789436e800
RIP=0x00007f78850696ba, EFLAGS=0x0000000000010246, CSGSFS=0x0000000000000033, ERR=0x0000000000000004
  TRAPNO=0x000000000000000e

Top of Stack: (sp=0x00007f7847bee478)
0x00007f7847bee478:   00007f786d79fef1 00007f786fcd62b0
0x00007f7847bee488:   00007f783825c2f0 00007f7847bee550
0x00007f7847bee498:   00007f7847bee520 0000000000000000
0x00007f7847bee4a8:   00007f786d283ae8 00007f786fcd62b0
0x00007f7847bee4b8:   00007f7847bee4e0 0000000000000000
0x00007f7847bee4c8:   00007f786d27b9a3 00007f7847bee550
0x00007f7847bee4d8:   00007f786d79912f 00007f7847bee530
0x00007f7847bee4e8:   00007f78853a91b6 0000000000000000
0x00007f7847bee4f8:   00007f78853848b6 00007f7847bee550
0x00007f7847bee508:   00007f7885169c6c 00000000d72583c0
0x00007f7847bee518:   00007f78853a1c74 00000000d7195910
0x00007f7847bee528:   00000000d7194bc8 00007f7847bee5b0
0x00007f7847bee538:   00007f7885007420 00007f7847bee5b0
0x00007f7847bee548:   00007f7885007420 0000000000000000
0x00007f7847bee558:   00007f7885007760 00007f783c000e30
0x00007f7847bee568:   00000000d72583c0 00007f7847bee570
0x00007f7847bee578:   00007f786fcb60cc 00007f7847bee5f8
0x00007f7847bee588:   00007f786fcbeff0 0000000000000000
0x00007f7847bee598:   00007f786fcb6208 00007f7847bee550
0x00007f7847bee5a8:   00007f7847bee5f0 00007f7847bee640
0x00007f7847bee5b8:   00007f7885007c4d 0000000000000000
0x00007f7847bee5c8:   00000000d7f01438 0000000000000000
0x00007f7847bee5d8:   0000000000000000 0000000000000000
0x00007f7847bee5e8:   00000000d72583c0 0000000000000000
0x00007f7847bee5f8:   00000000d71c86b8 00007f7847bee600
0x00007f7847bee608:   00007f786fcb5f0d 00007f7847bee650
0x00007f7847bee618:   00007f786fcbeff0 0000000000000000
0x00007f7847bee628:   00007f786fcb5f18 00007f7847bee5f0
0x00007f7847bee638:   00007f7847bee650 00007f7847bee698
0x00007f7847bee648:   00007f7885007c92 00000000d71c86b8
0x00007f7847bee658:   00007f7847bee658 00007f786f82d9cb
0x00007f7847bee668:   00007f7847bee6a8 00007f786f8b4e18 

Instructions: (pc=0x00007f78850696ba)
0x00007f788506969a:   00 00 00 00 00 00 44 8b 15 61 7e b9 15 4c 8b ce
0x00007f78850696aa:   41 f6 c2 01 0f 85 2e 00 00 00 4d 33 ca 4d 33 ca
0x00007f78850696ba:   4d 8b 09 4c 8b da 49 c1 eb 02 4b 8b 04 19 49 bb
0x00007f78850696ca:   08 15 c0 9a 78 7f 00 00 4c 33 d8 4c 33 d8 45 3b 

Register to memory mapping:

RAX=0x00007f789abc1f60: <offset 0xf75f60> in /home/biruk/Programs/jdk1.8.0_71/jre/lib/amd64/server/libjvm.so at 0x00007f7899c4c000
RBX=0x00007f789436e9f8 is an unknown value
RCX=0x00007f789b624320: <offset 0x219320> in /lib/x86_64-linux-gnu/libpthread.so.0 at 0x00007f789b40b000
RDX=0x0000000000000042 is an unknown value
RSP=0x00007f7847bee478 is pointing into the stack for thread: 0x00007f789436e800
RBP=0x00007f7847bee4a0 is pointing into the stack for thread: 0x00007f789436e800
RSI=0x0000000000000000 is an unknown value
RDI=0x00007f789436e9f8 is an unknown value
R8 =0x00000000d7001fb0 is an oop
sun.util.logging.PlatformLogger$Level 
 - klass: 'sun/util/logging/PlatformLogger$Level'
R9 =0x0000000000000000 is an unknown value
R10=0x000000000000001e is an unknown value
R11=0x00007f78853a9118 is at entry_point+24 in (nmethod*)0x00007f78853a8f90
R12=0x00007f783825c2f0 is an unknown value
R13=0x0000000000000000 is an unknown value
R14=0x00007f786d9c17e0: <offset 0x2587e0> in /home/biruk/Programs/jdk1.8.0_71/jre/lib/amd64/libawt_xawt.so at 0x00007f786d769000
R15=0x00007f789436e800 is a thread


Stack: [0x00007f7847aef000,0x00007f7847bf0000],  sp=0x00007f7847bee478,  free space=1021k
Native frames: (J=compiled Java code, j=interpreted, Vv=VM code, C=native code)
v  ~BufferBlob::jni_fast_GetLongField
C  [libX11.so.6+0x61ae8]  _XimServerDestroy+0x58

Java frames: (J=compiled Java code, j=interpreted, Vv=VM code)
J 1108  sun.awt.X11.XlibWrapper.XFilterEvent(JJ)Z (0 bytes) @ 0x00007f78853a9144 [0x00007f78853a9100+0x44]
j  sun.awt.X11.XToolkit.run(Z)V+300
j  sun.awt.X11.XToolkit.run()V+5
j  java.lang.Thread.run()V+11
v  ~StubRoutines::call_stub

---------------  P R O C E S S  ---------------

Java Threads: ( => current thread )
  0x00007f78381f2000 JavaThread "Abandoned connection cleanup thread" daemon [_thread_blocked, id=13490, stack(0x00007f7846814000,0x00007f7846915000)]
  0x00007f789400a800 JavaThread "DestroyJavaVM" [_thread_blocked, id=13470, stack(0x00007f789b726000,0x00007f789b827000)]
  0x00007f78943a0000 JavaThread "AWT-EventQueue-0" [_thread_blocked, id=13488, stack(0x00007f78474c5000,0x00007f78475c6000)]
  0x00007f78943a7800 JavaThread "AWT-Shutdown" [_thread_blocked, id=13487, stack(0x00007f78475c6000,0x00007f78476c7000)]
=>0x00007f789436e800 JavaThread "AWT-XAWT" daemon [_thread_in_native, id=13486, stack(0x00007f7847aef000,0x00007f7847bf0000)]
  0x00007f789434f800 JavaThread "Java2D Disposer" daemon [_thread_blocked, id=13485, stack(0x00007f786c049000,0x00007f786c14a000)]
  0x00007f78940c1800 JavaThread "Service Thread" daemon [_thread_blocked, id=13483, stack(0x00007f786dd95000,0x00007f786de96000)]
  0x00007f78940be800 JavaThread "C1 CompilerThread2" daemon [_thread_blocked, id=13482, stack(0x00007f786de96000,0x00007f786df97000)]
  0x00007f78940bc800 JavaThread "C2 CompilerThread1" daemon [_thread_blocked, id=13481, stack(0x00007f786df97000,0x00007f786e098000)]
  0x00007f78940b9800 JavaThread "C2 CompilerThread0" daemon [_thread_blocked, id=13480, stack(0x00007f786e098000,0x00007f786e199000)]
  0x00007f78940b8000 JavaThread "Signal Dispatcher" daemon [_thread_blocked, id=13479, stack(0x00007f786e199000,0x00007f786e29a000)]
  0x00007f789407f800 JavaThread "Finalizer" daemon [_thread_blocked, id=13478, stack(0x00007f786eaf3000,0x00007f786ebf4000)]
  0x00007f789407d800 JavaThread "Reference Handler" daemon [_thread_blocked, id=13477, stack(0x00007f786ebf4000,0x00007f786ecf5000)]

Other Threads:
  0x00007f7894078800 VMThread [stack: 0x00007f786ecf5000,0x00007f786edf6000] [id=13476]
  0x00007f78940c4800 WatcherThread [stack: 0x00007f786dc94000,0x00007f786dd95000] [id=13484]

VM state:not at safepoint (normal execution)

VM Mutex/Monitor currently owned by a thread: None

Heap:
 PSYoungGen      total 36864K, used 18635K [0x00000000d6e00000, 0x00000000d9700000, 0x0000000100000000)
  eden space 31744K, 58% used [0x00000000d6e00000,0x00000000d8032c68,0x00000000d8d00000)
  from space 5120K, 0% used [0x00000000d9200000,0x00000000d9200000,0x00000000d9700000)
  to   space 5120K, 0% used [0x00000000d8d00000,0x00000000d8d00000,0x00000000d9200000)
 ParOldGen       total 84992K, used 0K [0x0000000084a00000, 0x0000000089d00000, 0x00000000d6e00000)
  object space 84992K, 0% used [0x0000000084a00000,0x0000000084a00000,0x0000000089d00000)
 Metaspace       used 17173K, capacity 17378K, committed 17664K, reserved 1064960K
  class space    used 2085K, capacity 2193K, committed 2304K, reserved 1048576K

Card table byte_map: [0x00007f7898110000,0x00007f78984ec000] byte_map_base: 0x00007f7897ceb000

Marking Bits: (ParMarkBitMap*) 0x00007f789ac00fc0
 Begin Bits: [0x00007f787c250000, 0x00007f787e128000)
 End Bits:   [0x00007f787e128000, 0x00007f7880000000)

Polling page: 0x00007f789b848000

CodeCache: size=245760Kb used=3953Kb max_used=3965Kb free=241806Kb
 bounds [0x00007f7885000000, 0x00007f78853f0000, 0x00007f7894000000]
 total_blobs=1771 nmethods=1142 adapters=542
 compilation: enabled

Compilation events (10 events):
Event: 6467.850 Thread 0x00007f78940bc800 1138       4       java.util.Vector$Itr::hasNext (20 bytes)
Event: 6467.851 Thread 0x00007f78940bc800 nmethod 1138 0x00007f78853dc610 code [0x00007f78853dc760, 0x00007f78853dc7f8]
Event: 7268.728 Thread 0x00007f78940bc800 1139       4       java.lang.Thread::isInterrupted (6 bytes)
Event: 7268.729 Thread 0x00007f78940bc800 nmethod 1139 0x00007f78853dc390 code [0x00007f78853dc4e0, 0x00007f78853dc588]
Event: 8478.527 Thread 0x00007f78940bc800 1140       4       sun.awt.X11.XEvent::get_xany (22 bytes)
Event: 8478.536 Thread 0x00007f78940bc800 nmethod 1140 0x00007f78853dae10 code [0x00007f78853dafa0, 0x00007f78853db2d8]
Event: 10151.912 Thread 0x00007f78940b9800 1141 % !   4       com.mysql.jdbc.AbandonedConnectionCleanupThread::run @ 11 (68 bytes)
Event: 10151.924 Thread 0x00007f78940b9800 nmethod 1141% 0x00007f78853dff10 code [0x00007f78853e0080, 0x00007f78853e0508]
Event: 11303.725 Thread 0x00007f78940bc800 1142   !   4       java.util.Vector$Itr::next (63 bytes)
Event: 11303.732 Thread 0x00007f78940bc800 nmethod 1142 0x00007f78853df890 code [0x00007f78853df9e0, 0x00007f78853dfd38]

GC Heap History (0 events):
No events

Deoptimization events (10 events):
Event: 0.596 Thread 0x00007f78943a0000 Uncommon trap: reason=class_check action=maybe_recompile pc=0x00007f78852a5008 method=java.util.HashMap.putVal(ILjava/lang/Object;Ljava/lang/Object;ZZ)Ljava/lang/Object; @ 253
Event: 0.597 Thread 0x00007f78943a0000 Uncommon trap: reason=class_check action=maybe_recompile pc=0x00007f78852a5008 method=java.util.HashMap.putVal(ILjava/lang/Object;Ljava/lang/Object;ZZ)Ljava/lang/Object; @ 253
Event: 0.597 Thread 0x00007f78943a0000 Uncommon trap: reason=class_check action=maybe_recompile pc=0x00007f78852a5008 method=java.util.HashMap.putVal(ILjava/lang/Object;Ljava/lang/Object;ZZ)Ljava/lang/Object; @ 253
Event: 0.647 Thread 0x00007f78943a0000 Uncommon trap: reason=class_check action=maybe_recompile pc=0x00007f788516b030 method=java.lang.String.equals(Ljava/lang/Object;)Z @ 8
Event: 0.661 Thread 0x00007f78943a0000 Uncommon trap: reason=class_check action=maybe_recompile pc=0x00007f788516b030 method=java.lang.String.equals(Ljava/lang/Object;)Z @ 8
Event: 0.662 Thread 0x00007f78943a0000 Uncommon trap: reason=class_check action=maybe_recompile pc=0x00007f788516b030 method=java.lang.String.equals(Ljava/lang/Object;)Z @ 8
Event: 0.663 Thread 0x00007f78943a0000 Uncommon trap: reason=class_check action=maybe_recompile pc=0x00007f788516b030 method=java.lang.String.equals(Ljava/lang/Object;)Z @ 8
Event: 0.679 Thread 0x00007f78943a0000 Uncommon trap: reason=unstable_if action=reinterpret pc=0x00007f7885288710 method=sun.nio.cs.UTF_8$Decoder.decode([BII[C)I @ 30
Event: 0.693 Thread 0x00007f78943a0000 Uncommon trap: reason=class_check action=maybe_recompile pc=0x00007f78851b072c method=java.util.Properties$LineReader.readLine()I @ 62
Event: 0.693 Thread 0x00007f78943a0000 Uncommon trap: reason=unstable_if action=reinterpret pc=0x00007f78851b0434 method=java.util.Properties$LineReader.readLine()I @ 206

Internal exceptions (10 events):
Event: 0.328 Thread 0x00007f789400a800 Exception <a 'java/lang/ClassNotFoundException': javax/swing/JTreeCell> (0x00000000d73fade0) thrown at [/HUDSON/workspace/8-2-build-linux-amd64/jdk8u71/5731/hotspot/src/share/vm/classfile/systemDictionary.cpp, line 210]
Event: 0.328 Thread 0x00007f789400a800 Exception <a 'java/lang/ClassNotFoundException': TreeCell> (0x00000000d73fb268) thrown at [/HUDSON/workspace/8-2-build-linux-amd64/jdk8u71/5731/hotspot/src/share/vm/classfile/systemDictionary.cpp, line 210]
Event: 0.329 Thread 0x00007f789400a800 Exception <a 'java/lang/ClassNotFoundException': RootPane> (0x00000000d73fbcc8) thrown at [/HUDSON/workspace/8-2-build-linux-amd64/jdk8u71/5731/hotspot/src/share/vm/classfile/systemDictionary.cpp, line 210]
Event: 0.370 Thread 0x00007f78943a0000 Implicit null exception at 0x00007f78851bedf5 to 0x00007f78851bf14d
Event: 0.821 Thread 0x00007f78943a0000 Exception <a 'java/lang/NullPointerException'> (0x00000000d7ee83c8) thrown at [/HUDSON/workspace/8-2-build-linux-amd64/jdk8u71/5731/hotspot/src/share/vm/interpreter/linkResolver.cpp, line 1178]
Event: 0.821 Thread 0x00007f78943a0000 Exception <a 'java/lang/reflect/InvocationTargetException'> (0x00000000d7eeba10) thrown at [/HUDSON/workspace/8-2-build-linux-amd64/jdk8u71/5731/hotspot/src/share/vm/runtime/reflection.cpp, line 1092]
Event: 0.822 Thread 0x00007f78943a0000 Exception <a 'java/lang/NullPointerException'> (0x00000000d7eec8b0) thrown at [/HUDSON/workspace/8-2-build-linux-amd64/jdk8u71/5731/hotspot/src/share/vm/interpreter/linkResolver.cpp, line 1280]
Event: 0.957 Thread 0x00007f78943a0000 Exception <a 'java/lang/UnsupportedOperationException': > (0x00000000d7f32e30) thrown at [/HUDSON/workspace/8-2-build-linux-amd64/jdk8u71/5731/hotspot/src/share/vm/prims/jni.cpp, line 735]
Event: 2.067 Thread 0x00007f78943a0000 Exception <a 'java/lang/NullPointerException'> (0x00000000d7f4f270) thrown at [/HUDSON/workspace/8-2-build-linux-amd64/jdk8u71/5731/hotspot/src/share/vm/interpreter/linkResolver.cpp, line 1178]
Event: 2.067 Thread 0x00007f78943a0000 Exception <a 'java/lang/NullPointerException'> (0x00000000d7f4f270) thrown at [/HUDSON/workspace/8-2-build-linux-amd64/jdk8u71/5731/hotspot/src/share/vm/prims/jvm.cpp, line 1390]

Events (10 events):
Event: 2.066 loading class Entity/Librarian done
Event: 2.068 loading class java/lang/Throwable$WrappedPrintStream
Event: 2.068 loading class java/lang/Throwable$WrappedPrintStream done
Event: 4.075 Executing VM operation: EnableBiasedLocking
Event: 4.075 Executing VM operation: EnableBiasedLocking done
Event: 5.579 Thread 0x00007f7838125800 Thread exited: 0x00007f7838125800
Event: 10972.243 Thread 0x00007f78381f2000 DEOPT PACKING pc=0x00007f78853dd6c3 sp=0x00007f78469137c0
Event: 10972.243 Thread 0x00007f78381f2000 DEOPT UNPACKING pc=0x00007f7885047633 sp=0x00007f78469135a0 mode 0
Event: 12988.202 loading class sun/awt/X11/XDestroyWindowEvent
Event: 12988.294 loading class sun/awt/X11/XDestroyWindowEvent done


Dynamic libraries:
00400000-00401000 r-xp 00000000 08:04 3281678                            /home/biruk/Programs/jdk1.8.0_71/bin/java
00600000-00601000 rw-p 00000000 08:04 3281678                            /home/biruk/Programs/jdk1.8.0_71/bin/java
016a4000-016c5000 rw-p 00000000 00:00 0                                  [heap]
84a00000-89d00000 rw-p 00000000 00:00 0 
89d00000-d6e00000 ---p 00000000 00:00 0 
d6e00000-d9700000 rw-p 00000000 00:00 0 
d9700000-100000000 ---p 00000000 00:00 0 
100000000-100240000 rw-p 00000000 00:00 0 
100240000-140000000 ---p 00000000 00:00 0 
7f782c000000-7f782c03a000 rw-p 00000000 00:00 0 
7f782c03a000-7f7830000000 ---p 00000000 00:00 0 
7f7830000000-7f7830021000 rw-p 00000000 00:00 0 
7f7830021000-7f7834000000 ---p 00000000 00:00 0 
7f7834000000-7f7834021000 rw-p 00000000 00:00 0 
7f7834021000-7f7838000000 ---p 00000000 00:00 0 
7f7838000000-7f78383df000 rw-p 00000000 00:00 0 
7f78383df000-7f783c000000 ---p 00000000 00:00 0 
7f783c000000-7f783c024000 rw-p 00000000 00:00 0 
7f783c024000-7f7840000000 ---p 00000000 00:00 0 
7f7840000000-7f7840021000 rw-p 00000000 00:00 0 
7f7840021000-7f7844000000 ---p 00000000 00:00 0 
7f78461e7000-7f7846211000 r-xp 00000000 08:04 3281492                    /home/biruk/Programs/jdk1.8.0_71/jre/lib/amd64/libdcpr.so
7f7846211000-7f7846411000 ---p 0002a000 08:04 3281492                    /home/biruk/Programs/jdk1.8.0_71/jre/lib/amd64/libdcpr.so
7f7846411000-7f7846414000 rw-p 0002a000 08:04 3281492                    /home/biruk/Programs/jdk1.8.0_71/jre/lib/amd64/libdcpr.so
7f7846414000-7f7846514000 rw-p 00000000 00:00 0 
7f7846514000-7f7846614000 ---p 00000000 00:00 0 
7f7846614000-7f7846814000 rw-p 00000000 00:00 0 
7f7846814000-7f7846817000 ---p 00000000 00:00 0 
7f7846817000-7f7846915000 rw-p 00000000 00:00 0                          [stack:13490]
7f7846915000-7f7846918000 ---p 00000000 00:00 0 
7f7846918000-7f7846a16000 rw-p 00000000 00:00 0 
7f7846a16000-7f7846a7f000 r-xp 00000000 08:04 3281521                    /home/biruk/Programs/jdk1.8.0_71/jre/lib/amd64/libt2k.so
7f7846a7f000-7f7846c7f000 ---p 00069000 08:04 3281521                    /home/biruk/Programs/jdk1.8.0_71/jre/lib/amd64/libt2k.so
7f7846c7f000-7f7846c86000 rw-p 00069000 08:04 3281521                    /home/biruk/Programs/jdk1.8.0_71/jre/lib/amd64/libt2k.so
7f7846c86000-7f7846c96000 rw-p 00000000 00:00 0 
7f7846c96000-7f7846cae000 r--s 00000000 08:04 2492817                    /usr/share/fonts/type1/gsfonts/c059036l.pfb
7f7846cae000-7f7846cc3000 r--s 00000000 08:04 2492802                    /usr/share/fonts/type1/gsfonts/b018032l.pfb
7f7846cc3000-7f7846cdf000 r--s 00000000 08:04 2492880                    /usr/share/fonts/type1/gsfonts/p052024l.pfb
7f7846cdf000-7f7846ceb000 r--s 00000000 08:04 2492820                    /usr/share/fonts/type1/gsfonts/d050000l.pfb
7f7846ceb000-7f7846cfb000 r--s 00000000 08:04 2492784                    /usr/share/fonts/type1/gsfonts/a010013l.pfb
7f7846cfb000-7f7846d0e000 r--s 00000000 08:04 2492844                    /usr/share/fonts/type1/gsfonts/n019064l.pfb
7f7846d0e000-7f7846d26000 r--s 00000000 08:04 2492814                    /usr/share/fonts/type1/gsfonts/c059033l.pfb
7f7846d26000-7f7846d39000 r--s 00000000 08:04 2492799                    /usr/share/fonts/type1/gsfonts/b018015l.pfb
7f7846d39000-7f7846d3a000 r--s 00000000 08:04 6160479                    /var/cache/fontconfig/c05880de57d1f5e948fdfacc138775d9-le64.cache-4
7f7846d3a000-7f7846d45000 r--s 00000000 08:04 6160473                    /var/cache/fontconfig/945677eb7aeaf62f1d50efc3fb3ec7d8-le64.cache-4
7f7846d45000-7f7846d47000 r--s 00000000 08:04 6163719                    /var/cache/fontconfig/99e8ed0e538f840c565b6ed5dad60d56-le64.cache-4
7f7846d47000-7f7846d50000 r--s 00000000 08:04 6163718                    /var/cache/fontconfig/a6d8cf8e4ec09cdbc8633c31745a07dd-le64.cache-4
7f7846d50000-7f7846d56000 r--s 00000000 08:04 6160459                    /var/cache/fontconfig/2cd17615ca594fa2959ae173292e504c-le64.cache-4
7f7846d56000-7f7846d57000 r--s 00000000 08:04 6160489                    /var/cache/fontconfig/e7071f4a29fa870f4323321c154eba04-le64.cache-4
7f7846d57000-7f7846d58000 r--s 00000000 08:04 6160456                    /var/cache/fontconfig/0d8c3b2ac0904cb8a57a757ad11a4a08-le64.cache-4
7f7846d58000-7f7846d5f000 r--s 00000000 08:04 6160476                    /var/cache/fontconfig/a755afe4a08bf5b97852ceb7400b47bc-le64.cache-4
7f7846d5f000-7f7846d63000 r--s 00000000 08:04 6169478                    /var/cache/fontconfig/6d41288fd70b0be22e8c3a91e032eec0-le64.cache-4
7f7846d63000-7f7846d77000 r--s 00000000 08:04 6160454                    /var/cache/fontconfig/04aabc0a78ac019cf9454389977116d2-le64.cache-4
7f7846d77000-7f7846d78000 r--s 00000000 08:04 6160458                    /var/cache/fontconfig/1ac9eb803944fde146138c791f5cc56a-le64.cache-4
7f7846d78000-7f7846d7c000 r--s 00000000 08:04 6160462                    /var/cache/fontconfig/385c0604a188198f04d133e54aba7fe7-le64.cache-4
7f7846d7c000-7f7846d7d000 r--s 00000000 08:04 6160486                    /var/cache/fontconfig/dc05db6664285cc2f12bf69c139ae4c3-le64.cache-4
7f7846d7d000-7f7846d7f000 r--s 00000000 08:04 6160470                    /var/cache/fontconfig/767a8244fc0220cfb567a839d0392e0b-le64.cache-4
7f7846d7f000-7f7846d80000 r--s 00000000 08:04 6170711                    /var/cache/fontconfig/4794a0821666d79190d59a36cb4f44b5-le64.cache-4
7f7846d80000-7f7846d87000 r--s 00000000 08:04 6160460                    /var/cache/fontconfig/3047814df9a2f067bd2d96a2b9c36e5a-le64.cache-4
7f7846d87000-7f7846d90000 r--s 00000000 08:04 6163717                    /var/cache/fontconfig/52f7bdb7ce746bfd7eaa1985bd9cfa93-le64.cache-4
7f7846d97000-7f7846dae000 r--s 00000000 08:04 2492886                    /usr/share/fonts/type1/gsfonts/z003034l.pfb
7f7846dae000-7f7846dbe000 r--s 00000000 08:04 2492787                    /usr/share/fonts/type1/gsfonts/a010015l.pfb
7f7846dbe000-7f7846dd0000 r--s 00000000 08:04 2492835                    /usr/share/fonts/type1/gsfonts/n019043l.pfb
7f7846dd0000-7f7846deb000 r--s 00000000 08:04 2492877                    /usr/share/fonts/type1/gsfonts/p052023l.pfb
7f7846deb000-7f7846e06000 r--s 00000000 08:04 2492811                    /usr/share/fonts/type1/gsfonts/c059016l.pfb
7f7846e06000-7f7846e1f000 r--s 00000000 08:04 2492796                    /usr/share/fonts/type1/gsfonts/b018012l.pfb
7f7846e1f000-7f7846e31000 r--s 00000000 08:04 2492838                    /usr/share/fonts/type1/gsfonts/n019044l.pfb
7f7846e31000-7f7846e4c000 r--s 00000000 08:04 2492874                    /usr/share/fonts/type1/gsfonts/p052004l.pfb
7f7846e4c000-7f7846e5c000 r--s 00000000 08:04 2492790                    /usr/share/fonts/type1/gsfonts/a010033l.pfb
7f7846e5c000-7f7846e65000 r--s 00000000 08:04 2492883                    /usr/share/fonts/type1/gsfonts/s050000l.pfb
7f7846e65000-7f7846e80000 r--s 00000000 08:04 2492871                    /usr/share/fonts/type1/gsfonts/p052003l.pfb
7f7846e80000-7f7846e92000 r--s 00000000 08:04 2492805                    /usr/share/fonts/type1/gsfonts/b018035l.pfb
7f7846e92000-7f7846ea3000 r--s 00000000 08:04 2492793                    /usr/share/fonts/type1/gsfonts/a010035l.pfb
7f7846ea3000-7f7846ebd000 r--s 00000000 08:04 2492808                    /usr/share/fonts/type1/gsfonts/c059013l.pfb
7f7846ebd000-7f7846ece000 r--s 00000000 08:04 2492841                    /usr/share/fonts/type1/gsfonts/n019063l.pfb
7f7846ece000-7f7846ed7000 r--s 00000000 08:04 2492094                    /usr/share/fonts/X11/Type1/c0648bt_.pfb
7f7846ed7000-7f7846ee0000 r--s 00000000 08:04 2492090                    /usr/share/fonts/X11/Type1/c0632bt_.pfb
7f7846ee0000-7f7846ee9000 r--s 00000000 08:04 2492096                    /usr/share/fonts/X11/Type1/c0649bt_.pfb
7f7846ee9000-7f7846ef2000 r--s 00000000 08:04 2492092                    /usr/share/fonts/X11/Type1/c0633bt_.pfb
7f7846ef2000-7f7846efc000 r--s 00000000 08:04 2492086                    /usr/share/fonts/X11/Type1/c0583bt_.pfb
7f7846efc000-7f7846f06000 r--s 00000000 08:04 2492084                    /usr/share/fonts/X11/Type1/c0582bt_.pfb
7f7846f06000-7f7846f10000 r--s 00000000 08:04 2492082                    /usr/share/fonts/X11/Type1/c0419bt_.pfb
7f7846f10000-7f7846f1a000 r--s 00000000 08:04 2492889                    /usr/share/fonts/type1/mathml/Symbol.pfb
7f7846f1a000-7f7846f24000 r--s 00000000 08:04 2492088                    /usr/share/fonts/X11/Type1/c0611bt_.pfb
7f7846f24000-7f7846f25000 r--s 00000000 08:04 6160479                    /var/cache/fontconfig/c05880de57d1f5e948fdfacc138775d9-le64.cache-4
7f7846f25000-7f7846f30000 r--s 00000000 08:04 6160473                    /var/cache/fontconfig/945677eb7aeaf62f1d50efc3fb3ec7d8-le64.cache-4
7f7846f30000-7f7846f32000 r--s 00000000 08:04 6163719                    /var/cache/fontconfig/99e8ed0e538f840c565b6ed5dad60d56-le64.cache-4
7f7846f32000-7f7846f3b000 r--s 00000000 08:04 6163718                    /var/cache/fontconfig/a6d8cf8e4ec09cdbc8633c31745a07dd-le64.cache-4
7f7846f3b000-7f7846f41000 r--s 00000000 08:04 6160459                    /var/cache/fontconfig/2cd17615ca594fa2959ae173292e504c-le64.cache-4
7f7846f41000-7f7846f42000 r--s 00000000 08:04 6160489                    /var/cache/fontconfig/e7071f4a29fa870f4323321c154eba04-le64.cache-4
7f7846f42000-7f7846f43000 r--s 00000000 08:04 6160456                    /var/cache/fontconfig/0d8c3b2ac0904cb8a57a757ad11a4a08-le64.cache-4
7f7846f43000-7f7846f4a000 r--s 00000000 08:04 6160476                    /var/cache/fontconfig/a755afe4a08bf5b97852ceb7400b47bc-le64.cache-4
7f7846f4a000-7f7846f4e000 r--s 00000000 08:04 6169478                    /var/cache/fontconfig/6d41288fd70b0be22e8c3a91e032eec0-le64.cache-4
7f7846f4e000-7f7846f62000 r--s 00000000 08:04 6160454                    /var/cache/fontconfig/04aabc0a78ac019cf9454389977116d2-le64.cache-4
7f7846f62000-7f7846f63000 r--s 00000000 08:04 6160458                    /var/cache/fontconfig/1ac9eb803944fde146138c791f5cc56a-le64.cache-4
7f7846f63000-7f7846f67000 r--s 00000000 08:04 6160462                    /var/cache/fontconfig/385c0604a188198f04d133e54aba7fe7-le64.cache-4
7f7846f67000-7f7846f68000 r--s 00000000 08:04 6160486                    /var/cache/fontconfig/dc05db6664285cc2f12bf69c139ae4c3-le64.cache-4
7f7846f68000-7f7846f6a000 r--s 00000000 08:04 6160470                    /var/cache/fontconfig/767a8244fc0220cfb567a839d0392e0b-le64.cache-4
7f7846f6a000-7f7846f6b000 r--s 00000000 08:04 6170711                    /var/cache/fontconfig/4794a0821666d79190d59a36cb4f44b5-le64.cache-4
7f7846f6b000-7f7846f70000 r--s 00000000 08:04 6160472                    /var/cache/fontconfig/8801497958630a81b71ace7c5f9b32a8-le64.cache-4
7f7846f70000-7f7846f77000 r--s 00000000 08:04 6160460                    /var/cache/fontconfig/3047814df9a2f067bd2d96a2b9c36e5a-le64.cache-4
7f7846f77000-7f7846f78000 r--s 00000000 08:04 6160466                    /var/cache/fontconfig/56cf4f4769d0f4abc89a4895d7bd3ae1-le64.cache-4
7f7846f78000-7f7846f79000 r--s 00000000 08:04 6160478                    /var/cache/fontconfig/b9d506c9ac06c20b433354fa67a72993-le64.cache-4
7f7846f79000-7f7846f7f000 r--s 00000000 08:04 6160477                    /var/cache/fontconfig/b47c4e1ecd0709278f4910c18777a504-le64.cache-4
7f7846f7f000-7f7846f88000 r--s 00000000 08:04 6163717                    /var/cache/fontconfig/52f7bdb7ce746bfd7eaa1985bd9cfa93-le64.cache-4
7f7846f88000-7f7846f9b000 r--s 00000000 08:04 6160483                    /var/cache/fontconfig/d52a8644073d54c13679302ca1180695-le64.cache-4
7f7846f9b000-7f7846fa4000 r--s 00000000 08:04 6160463                    /var/cache/fontconfig/3f7329c5293ffd510edef78f73874cfd-le64.cache-4
7f7846fa4000-7f7846faf000 r--s 00000000 08:04 6169083                    /var/cache/fontconfig/d589a48862398ed80a3d6066f4f56f4c-le64.cache-4
7f7846faf000-7f7846fb0000 r--s 00000000 08:04 6160455                    /var/cache/fontconfig/0c9eb80ebd1c36541ebe2852d3bb0c49-le64.cache-4
7f7846fb0000-7f7846fb3000 r--s 00000000 08:04 6161601                    /var/cache/fontconfig/e13b20fdb08344e0e664864cc2ede53d-le64.cache-4
7f7846fb3000-7f7846fb7000 r--s 00000000 08:04 6161489                    /var/cache/fontconfig/7ef2298fde41cc6eeb7af42e48b7d293-le64.cache-4
7f7846fb7000-7f7846fcd000 r--s 00000000 08:04 2492865                    /usr/share/fonts/type1/gsfonts/n022023l.pfb
7f7846fcd000-7f7846fe6000 r--s 00000000 08:04 2492850                    /usr/share/fonts/type1/gsfonts/n021004l.pfb
7f7846fe6000-7f7846ffa000 r--s 00000000 08:04 2492823                    /usr/share/fonts/type1/gsfonts/n019003l.pfb
7f7846ffa000-7f784700b000 r--s 00000000 08:04 2492829                    /usr/share/fonts/type1/gsfonts/n019023l.pfb
7f784700b000-7f7847024000 r--s 00000000 08:04 2492847                    /usr/share/fonts/type1/gsfonts/n021003l.pfb
7f7847024000-7f7847036000 r--s 00000000 08:04 2492826                    /usr/share/fonts/type1/gsfonts/n019004l.pfb
7f7847036000-7f7847040000 r--s 00000000 08:04 2492889                    /usr/share/fonts/type1/mathml/Symbol.pfb
7f7847040000-7f7847056000 r--s 00000000 08:04 2492868                    /usr/share/fonts/type1/gsfonts/n022024l.pfb
7f7847056000-7f784706d000 r--s 00000000 08:04 2492853                    /usr/share/fonts/type1/gsfonts/n021023l.pfb
7f784706d000-7f7847085000 r--s 00000000 08:04 2492859                    /usr/share/fonts/type1/gsfonts/n022003l.pfb
7f7847085000-7f7847096000 r--s 00000000 08:04 2492832                    /usr/share/fonts/type1/gsfonts/n019024l.pfb
7f7847096000-7f78470af000 r--s 00000000 08:04 2492862                    /usr/share/fonts/type1/gsfonts/n022004l.pfb
7f78470af000-7f78470c5000 r--s 00000000 08:04 2492856                    /usr/share/fonts/type1/gsfonts/n021024l.pfb
7f78470c5000-7f78472c5000 rw-p 00000000 00:00 0 
7f78472c5000-7f78474c5000 rw-p 00000000 00:00 0 
7f78474c5000-7f78474c8000 ---p 00000000 00:00 0 
7f78474c8000-7f78475c6000 rw-p 00000000 00:00 0                          [stack:13488]
7f78475c6000-7f78475c9000 ---p 00000000 00:00 0 
7f78475c9000-7f78476c7000 rw-p 00000000 00:00 0                          [stack:13487]
7f78476c7000-7f78476d8000 r-xp 00000000 08:04 3281519                    /home/biruk/Programs/jdk1.8.0_71/jre/lib/amd64/libnio.so
7f78476d8000-7f78478d7000 ---p 00011000 08:04 3281519                    /home/biruk/Programs/jdk1.8.0_71/jre/lib/amd64/libnio.so
7f78478d7000-7f78478d8000 rw-p 00010000 08:04 3281519                    /home/biruk/Programs/jdk1.8.0_71/jre/lib/amd64/libnio.so
7f78478d8000-7f78478ee000 r-xp 00000000 08:04 3281520                    /home/biruk/Programs/jdk1.8.0_71/jre/lib/amd64/libnet.so
7f78478ee000-7f7847aee000 ---p 00016000 08:04 3281520                    /home/biruk/Programs/jdk1.8.0_71/jre/lib/amd64/libnet.so
7f7847aee000-7f7847aef000 rw-p 00016000 08:04 3281520                    /home/biruk/Programs/jdk1.8.0_71/jre/lib/amd64/libnet.so
7f7847aef000-7f7847af2000 ---p 00000000 00:00 0 
7f7847af2000-7f7847bf0000 rw-p 00000000 00:00 0                          [stack:13486]
7f7847bf0000-7f7847bf5000 r-xp 00000000 08:04 1581090                    /usr/lib/x86_64-linux-gnu/libXfixes.so.3.1.0
7f7847bf5000-7f7847df4000 ---p 00005000 08:04 1581090                    /usr/lib/x86_64-linux-gnu/libXfixes.so.3.1.0
7f7847df4000-7f7847df5000 r--p 00004000 08:04 1581090                    /usr/lib/x86_64-linux-gnu/libXfixes.so.3.1.0
7f7847df5000-7f7847df6000 rw-p 00005000 08:04 1581090                    /usr/lib/x86_64-linux-gnu/libXfixes.so.3.1.0
7f7847df6000-7f7847dff000 r-xp 00000000 08:04 1581082                    /usr/lib/x86_64-linux-gnu/libXcursor.so.1.0.2
7f7847dff000-7f7847ffe000 ---p 00009000 08:04 1581082                    /usr/lib/x86_64-linux-gnu/libXcursor.so.1.0.2
7f7847ffe000-7f7847fff000 r--p 00008000 08:04 1581082                    /usr/lib/x86_64-linux-gnu/libXcursor.so.1.0.2
7f7847fff000-7f7848000000 rw-p 00009000 08:04 1581082                    /usr/lib/x86_64-linux-gnu/libXcursor.so.1.0.2
7f7848000000-7f7848021000 rw-p 00000000 00:00 0 
7f7848021000-7f784c000000 ---p 00000000 00:00 0 
7f784c000000-7f784c021000 rw-p 00000000 00:00 0 
7f784c021000-7f7850000000 ---p 00000000 00:00 0 
7f7850000000-7f7850098000 rw-p 00000000 00:00 0 
7f7850098000-7f7854000000 ---p 00000000 00:00 0 
7f7854000000-7f7854580000 rw-p 00000000 00:00 0 
7f7854580000-7f7858000000 ---p 00000000 00:00 0 
7f7858000000-7f7858021000 rw-p 00000000 00:00 0 
7f7858021000-7f785c000000 ---p 00000000 00:00 0 
7f785c000000-7f785c172000 rw-p 00000000 00:00 0 
7f785c172000-7f7860000000 ---p 00000000 00:00 0 
7f7860000000-7f7860021000 rw-p 00000000 00:00 0 
7f7860021000-7f7864000000 ---p 00000000 00:00 0 
7f7864000000-7f7864021000 rw-p 00000000 00:00 0 
7f7864021000-7f7868000000 ---p 00000000 00:00 0 
7f7868000000-7f7868021000 rw-p 00000000 00:00 0 
7f7868021000-7f786c000000 ---p 00000000 00:00 0 
7f786c000000-7f786c005000 r--s 00000000 08:04 6160472                    /var/cache/fontconfig/8801497958630a81b71ace7c5f9b32a8-le64.cache-4
7f786c005000-7f786c018000 r--s 00000000 08:04 6160483                    /var/cache/fontconfig/d52a8644073d54c13679302ca1180695-le64.cache-4
7f786c018000-7f786c049000 rw-p 00000000 00:00 0 
7f786c049000-7f786c04c000 ---p 00000000 00:00 0 
7f786c04c000-7f786c14a000 rw-p 00000000 00:00 0                          [stack:13485]
7f786c14a000-7f786c160000 r-xp 00000000 08:04 1048595                    /lib/x86_64-linux-gnu/libgcc_s.so.1
7f786c160000-7f786c35f000 ---p 00016000 08:04 1048595                    /lib/x86_64-linux-gnu/libgcc_s.so.1
7f786c35f000-7f786c360000 rw-p 00015000 08:04 1048595                    /lib/x86_64-linux-gnu/libgcc_s.so.1
7f786c360000-7f786c3c5000 r-xp 00000000 08:04 3281383                    /home/biruk/Programs/jdk1.8.0_71/jre/lib/amd64/libfontmanager.so
7f786c3c5000-7f786c5c4000 ---p 00065000 08:04 3281383                    /home/biruk/Programs/jdk1.8.0_71/jre/lib/amd64/libfontmanager.so
7f786c5c4000-7f786c5c9000 rw-p 00064000 08:04 3281383                    /home/biruk/Programs/jdk1.8.0_71/jre/lib/amd64/libfontmanager.so
7f786c5c9000-7f786c5d9000 rw-p 00000000 00:00 0 
7f786c5d9000-7f786c5de000 r-xp 00000000 08:04 1581086                    /usr/lib/x86_64-linux-gnu/libXdmcp.so.6.0.0
7f786c5de000-7f786c7dd000 ---p 00005000 08:04 1581086                    /usr/lib/x86_64-linux-gnu/libXdmcp.so.6.0.0
7f786c7dd000-7f786c7de000 r--p 00004000 08:04 1581086                    /usr/lib/x86_64-linux-gnu/libXdmcp.so.6.0.0
7f786c7de000-7f786c7df000 rw-p 00005000 08:04 1581086                    /usr/lib/x86_64-linux-gnu/libXdmcp.so.6.0.0
7f786c7df000-7f786c7e1000 r-xp 00000000 08:04 1581075                    /usr/lib/x86_64-linux-gnu/libXau.so.6.0.0
7f786c7e1000-7f786c9e1000 ---p 00002000 08:04 1581075                    /usr/lib/x86_64-linux-gnu/libXau.so.6.0.0
7f786c9e1000-7f786c9e2000 r--p 00002000 08:04 1581075                    /usr/lib/x86_64-linux-gnu/libXau.so.6.0.0
7f786c9e2000-7f786c9e3000 rw-p 00003000 08:04 1581075                    /usr/lib/x86_64-linux-gnu/libXau.so.6.0.0
7f786c9e3000-7f786ca00000 r-xp 00000000 08:04 1582141                    /usr/lib/x86_64-linux-gnu/libxcb.so.1.1.0
7f786ca00000-7f786cc00000 ---p 0001d000 08:04 1582141                    /usr/lib/x86_64-linux-gnu/libxcb.so.1.1.0
7f786cc00000-7f786cc01000 r--p 0001d000 08:04 1582141                    /usr/lib/x86_64-linux-gnu/libxcb.so.1.1.0
7f786cc01000-7f786cc02000 rw-p 0001e000 08:04 1582141                    /usr/lib/x86_64-linux-gnu/libxcb.so.1.1.0
7f786cc02000-7f786cc11000 r-xp 00000000 08:04 1581096                    /usr/lib/x86_64-linux-gnu/libXi.so.6.1.0
7f786cc11000-7f786ce10000 ---p 0000f000 08:04 1581096                    /usr/lib/x86_64-linux-gnu/libXi.so.6.1.0
7f786ce10000-7f786ce11000 r--p 0000e000 08:04 1581096                    /usr/lib/x86_64-linux-gnu/libXi.so.6.1.0
7f786ce11000-7f786ce12000 rw-p 0000f000 08:04 1581096                    /usr/lib/x86_64-linux-gnu/libXi.so.6.1.0
7f786ce12000-7f786ce17000 r-xp 00000000 08:04 1581116                    /usr/lib/x86_64-linux-gnu/libXtst.so.6.1.0
7f786ce17000-7f786d016000 ---p 00005000 08:04 1581116                    /usr/lib/x86_64-linux-gnu/libXtst.so.6.1.0
7f786d016000-7f786d017000 r--p 00004000 08:04 1581116                    /usr/lib/x86_64-linux-gnu/libXtst.so.6.1.0
7f786d017000-7f786d018000 rw-p 00005000 08:04 1581116                    /usr/lib/x86_64-linux-gnu/libXtst.so.6.1.0
7f786d018000-7f786d021000 r-xp 00000000 08:04 1581110                    /usr/lib/x86_64-linux-gnu/libXrender.so.1.3.0
7f786d021000-7f786d220000 ---p 00009000 08:04 1581110                    /usr/lib/x86_64-linux-gnu/libXrender.so.1.3.0
7f786d220000-7f786d221000 r--p 00008000 08:04 1581110                    /usr/lib/x86_64-linux-gnu/libXrender.so.1.3.0
7f786d221000-7f786d222000 rw-p 00009000 08:04 1581110                    /usr/lib/x86_64-linux-gnu/libXrender.so.1.3.0
7f786d222000-7f786d352000 r-xp 00000000 08:04 1581071                    /usr/lib/x86_64-linux-gnu/libX11.so.6.3.0
7f786d352000-7f786d552000 ---p 00130000 08:04 1581071                    /usr/lib/x86_64-linux-gnu/libX11.so.6.3.0
7f786d552000-7f786d553000 r--p 00130000 08:04 1581071                    /usr/lib/x86_64-linux-gnu/libX11.so.6.3.0
7f786d553000-7f786d557000 rw-p 00131000 08:04 1581071                    /usr/lib/x86_64-linux-gnu/libX11.so.6.3.0
7f786d557000-7f786d568000 r-xp 00000000 08:04 1581088                    /usr/lib/x86_64-linux-gnu/libXext.so.6.4.0
7f786d568000-7f786d767000 ---p 00011000 08:04 1581088                    /usr/lib/x86_64-linux-gnu/libXext.so.6.4.0
7f786d767000-7f786d768000 r--p 00010000 08:04 1581088                    /usr/lib/x86_64-linux-gnu/libXext.so.6.4.0
7f786d768000-7f786d769000 rw-p 00011000 08:04 1581088                    /usr/lib/x86_64-linux-gnu/libXext.so.6.4.0
7f786d769000-7f786d7bd000 r-xp 00000000 08:04 3281427                    /home/biruk/Programs/jdk1.8.0_71/jre/lib/amd64/libawt_xawt.so
7f786d7bd000-7f786d9bd000 ---p 00054000 08:04 3281427                    /home/biruk/Programs/jdk1.8.0_71/jre/lib/amd64/libawt_xawt.so
7f786d9bd000-7f786d9c1000 rw-p 00054000 08:04 3281427                    /home/biruk/Programs/jdk1.8.0_71/jre/lib/amd64/libawt_xawt.so
7f786d9c1000-7f786d9c2000 rw-p 00000000 00:00 0 
7f786d9c2000-7f786da64000 r-xp 00000000 08:04 3281522                    /home/biruk/Programs/jdk1.8.0_71/jre/lib/amd64/libawt.so
7f786da64000-7f786dc64000 ---p 000a2000 08:04 3281522                    /home/biruk/Programs/jdk1.8.0_71/jre/lib/amd64/libawt.so
7f786dc64000-7f786dc70000 rw-p 000a2000 08:04 3281522                    /home/biruk/Programs/jdk1.8.0_71/jre/lib/amd64/libawt.so
7f786dc70000-7f786dc94000 rw-p 00000000 00:00 0 
7f786dc94000-7f786dc95000 ---p 00000000 00:00 0 
7f786dc95000-7f786dd95000 rw-p 00000000 00:00 0                          [stack:13484]
7f786dd95000-7f786dd98000 ---p 00000000 00:00 0 
7f786dd98000-7f786de96000 rw-p 00000000 00:00 0                          [stack:13483]
7f786de96000-7f786de99000 ---p 00000000 00:00 0 
7f786de99000-7f786df97000 rw-p 00000000 00:00 0                          [stack:13482]
7f786df97000-7f786df9a000 ---p 00000000 00:00 0 
7f786df9a000-7f786e098000 rw-p 00000000 00:00 0                          [stack:13481]
7f786e098000-7f786e09b000 ---p 00000000 00:00 0 
7f786e09b000-7f786e199000 rw-p 00000000 00:00 0                          [stack:13480]
7f786e199000-7f786e19c000 ---p 00000000 00:00 0 
7f786e19c000-7f786e29a000 rw-p 00000000 00:00 0                          [stack:13479]
7f786e29a000-7f786eaf3000 r--p 00000000 08:04 1580045                    /usr/lib/locale/locale-archive
7f786eaf3000-7f786eaf6000 ---p 00000000 00:00 0 
7f786eaf6000-7f786ebf4000 rw-p 00000000 00:00 0                          [stack:13478]
7f786ebf4000-7f786ebf7000 ---p 00000000 00:00 0 
7f786ebf7000-7f786ecf5000 rw-p 00000000 00:00 0                          [stack:13477]
7f786ecf5000-7f786ecf6000 ---p 00000000 00:00 0 
7f786ecf6000-7f7870000000 rw-p 00000000 00:00 0                          [stack:13476]
7f7870000000-7f7870021000 rw-p 00000000 00:00 0 
7f7870021000-7f7874000000 ---p 00000000 00:00 0 
7f7874000000-7f7874021000 rw-p 00000000 00:00 0 
7f7874021000-7f7878000000 ---p 00000000 00:00 0 
7f7878000000-7f7878021000 rw-p 00000000 00:00 0 
7f7878021000-7f787c000000 ---p 00000000 00:00 0 
7f787c000000-7f787c001000 r--s 00000000 08:04 6160466                    /var/cache/fontconfig/56cf4f4769d0f4abc89a4895d7bd3ae1-le64.cache-4
7f787c001000-7f787c002000 r--s 00000000 08:04 6160478                    /var/cache/fontconfig/b9d506c9ac06c20b433354fa67a72993-le64.cache-4
7f787c002000-7f787c008000 r--s 00000000 08:04 6160477                    /var/cache/fontconfig/b47c4e1ecd0709278f4910c18777a504-le64.cache-4
7f787c008000-7f787c011000 r--s 00000000 08:04 6160463                    /var/cache/fontconfig/3f7329c5293ffd510edef78f73874cfd-le64.cache-4
7f787c011000-7f787c01c000 r--s 00000000 08:04 6169083                    /var/cache/fontconfig/d589a48862398ed80a3d6066f4f56f4c-le64.cache-4
7f787c01c000-7f787c01d000 r--s 00000000 08:04 6160455                    /var/cache/fontconfig/0c9eb80ebd1c36541ebe2852d3bb0c49-le64.cache-4
7f787c01d000-7f787c020000 r--s 00000000 08:04 6161601                    /var/cache/fontconfig/e13b20fdb08344e0e664864cc2ede53d-le64.cache-4
7f787c020000-7f787c024000 r--s 00000000 08:04 6161489                    /var/cache/fontconfig/7ef2298fde41cc6eeb7af42e48b7d293-le64.cache-4
7f787c024000-7f787c027000 r--s 00027000 08:04 3025614                    /home/biruk/Libraries/Java/rs2xml.jar
7f787c027000-7f787c028000 r--s 0000c000 08:04 3676579                    /home/biruk/Libraries/Java/javamail-1.4.7/lib/smtp.jar
7f787c028000-7f787c029000 r--s 0000a000 08:04 3676580                    /home/biruk/Libraries/Java/javamail-1.4.7/lib/pop3.jar
7f787c029000-7f787c02e000 r--s 00040000 08:04 3676583                    /home/biruk/Libraries/Java/javamail-1.4.7/lib/mailapi.jar
7f787c02e000-7f787c031000 r--s 0002a000 08:04 3676578                    /home/biruk/Libraries/Java/javamail-1.4.7/lib/imap.jar
7f787c031000-7f787c032000 r--s 00003000 08:04 3676582                    /home/biruk/Libraries/Java/javamail-1.4.7/lib/gimap.jar
7f787c032000-7f787c03a000 r--s 00078000 08:04 3546067                    /home/biruk/Libraries/Java/javamail-1.4.7/mail.jar
7f787c03a000-7f787c042000 r--s 00078000 08:04 3025618                    /home/biruk/Libraries/Java/core-2.2.jar
7f787c042000-7f787c046000 r--s 00060000 08:04 3672118                    /home/biruk/Libraries/Java/Webcam-Capture/webcam-capture-0.3.10.jar
7f787c046000-7f787c04e000 r--s 000cf000 08:04 3934908                    /home/biruk/Libraries/Java/Webcam-Capture/libs/bridj-0.6.2.jar
7f787c04e000-7f7880000000 rw-p 00000000 00:00 0 
7f7880000000-7f7880021000 rw-p 00000000 00:00 0 
7f7880021000-7f7884000000 ---p 00000000 00:00 0 
7f7884000000-7f7884005000 r--s 0002a000 08:04 3543479                    /home/biruk/Libraries/Java/ZXING/zxing.jar
7f7884005000-7f788400b000 r--s 00038000 08:04 3676544                    /home/biruk/Libraries/Java/iText/xmlworker-5.5.9.jar
7f788400b000-7f7884023000 r--s 00217000 08:04 3676494                    /home/biruk/Libraries/Java/iText/itextpdf-5.5.9.jar
7f7884023000-7f7884033000 r--s 0022d000 08:04 3676506                    /home/biruk/Libraries/Java/iText/itextpdf-5.5.9-sources.jar
7f7884033000-7f788405b000 r--s 00525000 08:04 3676498                    /home/biruk/Libraries/Java/iText/itextpdf-5.5.9-javadoc.jar
7f788405b000-7f788406c000 r--s 000b0000 08:04 3025610                    /home/biruk/Libraries/Java/google-guava.jar
7f788406c000-7f7884442000 rw-p 00000000 00:00 0 
7f7884442000-7f788461a000 r--s 03d23000 08:04 3153072                    /home/biruk/Programs/jdk1.8.0_71/jre/lib/rt.jar
7f788461a000-7f7884a6b000 rw-p 00000000 00:00 0 
7f7884a6b000-7f7884a6c000 ---p 00000000 00:00 0 
7f7884a6c000-7f7884b6c000 rw-p 00000000 00:00 0                          [stack:13474]
7f7884b6c000-7f7884b6d000 ---p 00000000 00:00 0 
7f7884b6d000-7f7884c6d000 rw-p 00000000 00:00 0                          [stack:13473]
7f7884c6d000-7f7884c6e000 ---p 00000000 00:00 0 
7f7884c6e000-7f7884d98000 rw-p 00000000 00:00 0                          [stack:13472]
7f7884d98000-7f7885000000 ---p 00000000 00:00 0 
7f7885000000-7f78853f0000 rwxp 00000000 00:00 0 
7f78853f0000-7f7894000000 ---p 00000000 00:00 0 
7f7894000000-7f78943fe000 rw-p 00000000 00:00 0 
7f78943fe000-7f7898000000 ---p 00000000 00:00 0 
7f7898000000-7f7898001000 r--s 00004000 08:04 3676581                    /home/biruk/Libraries/Java/javamail-1.4.7/lib/dsn.jar
7f7898001000-7f7898003000 r--s 00005000 08:04 3934909                    /home/biruk/Libraries/Java/Webcam-Capture/libs/slf4j-api-1.7.2.jar
7f7898003000-7f789800f000 r--s 0010f000 08:04 3676548                    /home/biruk/Libraries/Java/iText/xmlworker-5.5.9-javadoc.jar
7f789800f000-7f7898010000 ---p 00000000 00:00 0 
7f7898010000-7f789813a000 rw-p 00000000 00:00 0                          [stack:13471]
7f789813a000-7f78983a2000 ---p 00000000 00:00 0 
7f78983a2000-7f78983b7000 rw-p 00000000 00:00 0 
7f78983b7000-7f78984eb000 ---p 00000000 00:00 0 
7f78984eb000-7f78984fc000 rw-p 00000000 00:00 0 
7f78984fc000-7f78988ac000 ---p 00000000 00:00 0 
7f78988ac000-7f78988c6000 r-xp 00000000 08:04 3281518                    /home/biruk/Programs/jdk1.8.0_71/jre/lib/amd64/libzip.so
7f78988c6000-7f7898ac6000 ---p 0001a000 08:04 3281518                    /home/biruk/Programs/jdk1.8.0_71/jre/lib/amd64/libzip.so
7f7898ac6000-7f7898ac7000 rw-p 0001a000 08:04 3281518                    /home/biruk/Programs/jdk1.8.0_71/jre/lib/amd64/libzip.so
7f7898ac7000-7f7898ad2000 r-xp 00000000 08:04 1052867                    /lib/x86_64-linux-gnu/libnss_files-2.19.so
7f7898ad2000-7f7898cd1000 ---p 0000b000 08:04 1052867                    /lib/x86_64-linux-gnu/libnss_files-2.19.so
7f7898cd1000-7f7898cd2000 r--p 0000a000 08:04 1052867                    /lib/x86_64-linux-gnu/libnss_files-2.19.so
7f7898cd2000-7f7898cd3000 rw-p 0000b000 08:04 1052867                    /lib/x86_64-linux-gnu/libnss_files-2.19.so
7f7898cd3000-7f7898cde000 r-xp 00000000 08:04 1048676                    /lib/x86_64-linux-gnu/libnss_nis-2.19.so
7f7898cde000-7f7898edd000 ---p 0000b000 08:04 1048676                    /lib/x86_64-linux-gnu/libnss_nis-2.19.so
7f7898edd000-7f7898ede000 r--p 0000a000 08:04 1048676                    /lib/x86_64-linux-gnu/libnss_nis-2.19.so
7f7898ede000-7f7898edf000 rw-p 0000b000 08:04 1048676                    /lib/x86_64-linux-gnu/libnss_nis-2.19.so
7f7898edf000-7f7898ef6000 r-xp 00000000 08:04 1048672                    /lib/x86_64-linux-gnu/libnsl-2.19.so
7f7898ef6000-7f78990f5000 ---p 00017000 08:04 1048672                    /lib/x86_64-linux-gnu/libnsl-2.19.so
7f78990f5000-7f78990f6000 r--p 00016000 08:04 1048672                    /lib/x86_64-linux-gnu/libnsl-2.19.so
7f78990f6000-7f78990f7000 rw-p 00017000 08:04 1048672                    /lib/x86_64-linux-gnu/libnsl-2.19.so
7f78990f7000-7f78990f9000 rw-p 00000000 00:00 0 
7f78990f9000-7f7899102000 r-xp 00000000 08:04 1048671                    /lib/x86_64-linux-gnu/libnss_compat-2.19.so
7f7899102000-7f7899301000 ---p 00009000 08:04 1048671                    /lib/x86_64-linux-gnu/libnss_compat-2.19.so
7f7899301000-7f7899302000 r--p 00008000 08:04 1048671                    /lib/x86_64-linux-gnu/libnss_compat-2.19.so
7f7899302000-7f7899303000 rw-p 00009000 08:04 1048671                    /lib/x86_64-linux-gnu/libnss_compat-2.19.so
7f7899303000-7f789932d000 r-xp 00000000 08:04 3281494                    /home/biruk/Programs/jdk1.8.0_71/jre/lib/amd64/libjava.so
7f789932d000-7f789952d000 ---p 0002a000 08:04 3281494                    /home/biruk/Programs/jdk1.8.0_71/jre/lib/amd64/libjava.so
7f789952d000-7f789952f000 rw-p 0002a000 08:04 3281494                    /home/biruk/Programs/jdk1.8.0_71/jre/lib/amd64/libjava.so
7f789952f000-7f789953c000 r-xp 00000000 08:04 3281463                    /home/biruk/Programs/jdk1.8.0_71/jre/lib/amd64/libverify.so
7f789953c000-7f789973c000 ---p 0000d000 08:04 3281463                    /home/biruk/Programs/jdk1.8.0_71/jre/lib/amd64/libverify.so
7f789973c000-7f789973e000 rw-p 0000d000 08:04 3281463                    /home/biruk/Programs/jdk1.8.0_71/jre/lib/amd64/libverify.so
7f789973e000-7f7899745000 r-xp 00000000 08:04 1048680                    /lib/x86_64-linux-gnu/librt-2.19.so
7f7899745000-7f7899944000 ---p 00007000 08:04 1048680                    /lib/x86_64-linux-gnu/librt-2.19.so
7f7899944000-7f7899945000 r--p 00006000 08:04 1048680                    /lib/x86_64-linux-gnu/librt-2.19.so
7f7899945000-7f7899946000 rw-p 00007000 08:04 1048680                    /lib/x86_64-linux-gnu/librt-2.19.so
7f7899946000-7f7899a4b000 r-xp 00000000 08:04 1048666                    /lib/x86_64-linux-gnu/libm-2.19.so
7f7899a4b000-7f7899c4a000 ---p 00105000 08:04 1048666                    /lib/x86_64-linux-gnu/libm-2.19.so
7f7899c4a000-7f7899c4b000 r--p 00104000 08:04 1048666                    /lib/x86_64-linux-gnu/libm-2.19.so
7f7899c4b000-7f7899c4c000 rw-p 00105000 08:04 1048666                    /lib/x86_64-linux-gnu/libm-2.19.so
7f7899c4c000-7f789a90b000 r-xp 00000000 08:04 3281392                    /home/biruk/Programs/jdk1.8.0_71/jre/lib/amd64/server/libjvm.so
7f789a90b000-7f789ab0a000 ---p 00cbf000 08:04 3281392                    /home/biruk/Programs/jdk1.8.0_71/jre/lib/amd64/server/libjvm.so
7f789ab0a000-7f789abe3000 rw-p 00cbe000 08:04 3281392                    /home/biruk/Programs/jdk1.8.0_71/jre/lib/amd64/server/libjvm.so
7f789abe3000-7f789ac2c000 rw-p 00000000 00:00 0 
7f789ac2c000-7f789ade7000 r-xp 00000000 08:04 1052864                    /lib/x86_64-linux-gnu/libc-2.19.so
7f789ade7000-7f789afe6000 ---p 001bb000 08:04 1052864                    /lib/x86_64-linux-gnu/libc-2.19.so
7f789afe6000-7f789afea000 r--p 001ba000 08:04 1052864                    /lib/x86_64-linux-gnu/libc-2.19.so
7f789afea000-7f789afec000 rw-p 001be000 08:04 1052864                    /lib/x86_64-linux-gnu/libc-2.19.so
7f789afec000-7f789aff1000 rw-p 00000000 00:00 0 
7f789aff1000-7f789aff4000 r-xp 00000000 08:04 1048668                    /lib/x86_64-linux-gnu/libdl-2.19.so
7f789aff4000-7f789b1f3000 ---p 00003000 08:04 1048668                    /lib/x86_64-linux-gnu/libdl-2.19.so
7f789b1f3000-7f789b1f4000 r--p 00002000 08:04 1048668                    /lib/x86_64-linux-gnu/libdl-2.19.so
7f789b1f4000-7f789b1f5000 rw-p 00003000 08:04 1048668                    /lib/x86_64-linux-gnu/libdl-2.19.so
7f789b1f5000-7f789b20a000 r-xp 00000000 08:04 3281526                    /home/biruk/Programs/jdk1.8.0_71/lib/amd64/jli/libjli.so
7f789b20a000-7f789b40a000 ---p 00015000 08:04 3281526                    /home/biruk/Programs/jdk1.8.0_71/lib/amd64/jli/libjli.so
7f789b40a000-7f789b40b000 rw-p 00015000 08:04 3281526                    /home/biruk/Programs/jdk1.8.0_71/lib/amd64/jli/libjli.so
7f789b40b000-7f789b424000 r-xp 00000000 08:04 1048673                    /lib/x86_64-linux-gnu/libpthread-2.19.so
7f789b424000-7f789b623000 ---p 00019000 08:04 1048673                    /lib/x86_64-linux-gnu/libpthread-2.19.so
7f789b623000-7f789b624000 r--p 00018000 08:04 1048673                    /lib/x86_64-linux-gnu/libpthread-2.19.so
7f789b624000-7f789b625000 rw-p 00019000 08:04 1048673                    /lib/x86_64-linux-gnu/libpthread-2.19.so
7f789b625000-7f789b629000 rw-p 00000000 00:00 0 
7f789b629000-7f789b64c000 r-xp 00000000 08:04 1048674                    /lib/x86_64-linux-gnu/ld-2.19.so
7f789b64c000-7f789b64d000 r--s 00009000 08:04 3025611                    /home/biruk/Libraries/Java/javase-2.2.jar
7f789b64d000-7f789b653000 r--s 00055000 08:04 3676556                    /home/biruk/Libraries/Java/iText/xmlworker-5.5.9-sources.jar
7f789b653000-7f789b656000 r--s 0001b000 08:04 3676526                    /home/biruk/Libraries/Java/iText/itext-xtra-5.5.9.jar
7f789b656000-7f789b65b000 r--s 00055000 08:04 3676530                    /home/biruk/Libraries/Java/iText/itext-xtra-5.5.9-javadoc.jar
7f789b65b000-7f789b726000 rw-p 00000000 00:00 0 
7f789b726000-7f789b729000 ---p 00000000 00:00 0 
7f789b729000-7f789b82b000 rw-p 00000000 00:00 0                          [stack:13470]
7f789b82b000-7f789b82d000 r--s 0001e000 08:04 3676538                    /home/biruk/Libraries/Java/iText/itext-xtra-5.5.9-sources.jar
7f789b82d000-7f789b82f000 r--s 0001b000 08:04 3676510                    /home/biruk/Libraries/Java/iText/itext-pdfa-5.5.9.jar
7f789b82f000-7f789b831000 r--s 0001d000 08:04 3676522                    /home/biruk/Libraries/Java/iText/itext-pdfa-5.5.9-sources.jar
7f789b831000-7f789b837000 r--s 0006f000 08:04 3676514                    /home/biruk/Libraries/Java/iText/itext-pdfa-5.5.9-javadoc.jar
7f789b837000-7f789b83f000 r--s 000c3000 08:04 4070706                    /home/biruk/Programs/netbeans-8.1/ide/modules/ext/mysql-connector-java-5.1.23-bin.jar
7f789b83f000-7f789b847000 rw-s 00000000 08:04 5243165                    /tmp/hsperfdata_biruk/13465
7f789b847000-7f789b848000 rw-p 00000000 00:00 0 
7f789b848000-7f789b849000 r--p 00000000 00:00 0 
7f789b849000-7f789b84b000 rw-p 00000000 00:00 0 
7f789b84b000-7f789b84c000 r--p 00022000 08:04 1048674                    /lib/x86_64-linux-gnu/ld-2.19.so
7f789b84c000-7f789b84d000 rw-p 00023000 08:04 1048674                    /lib/x86_64-linux-gnu/ld-2.19.so
7f789b84d000-7f789b84e000 rw-p 00000000 00:00 0 
7fffd6269000-7fffd628a000 rw-p 00000000 00:00 0                          [stack]
7fffd63e1000-7fffd63e3000 r--p 00000000 00:00 0                          [vvar]
7fffd63e3000-7fffd63e5000 r-xp 00000000 00:00 0                          [vdso]
ffffffffff600000-ffffffffff601000 r-xp 00000000 00:00 0                  [vsyscall]

VM Arguments:
jvm_args: -Dfile.encoding=UTF-8 
java_command: Boundary.Transaction
java_class_path (initial): /home/biruk/Programs/netbeans-8.1/ide/modules/ext/mysql-connector-java-5.1.23-bin.jar:/home/biruk/Libraries/Java/google-guava.jar:/home/biruk/Libraries/Java/iText/itext-pdfa-5.5.9-javadoc.jar:/home/biruk/Libraries/Java/iText/itext-pdfa-5.5.9-sources.jar:/home/biruk/Libraries/Java/iText/itext-pdfa-5.5.9.jar:/home/biruk/Libraries/Java/iText/itext-xtra-5.5.9-javadoc.jar:/home/biruk/Libraries/Java/iText/itext-xtra-5.5.9-sources.jar:/home/biruk/Libraries/Java/iText/itext-xtra-5.5.9.jar:/home/biruk/Libraries/Java/iText/itextpdf-5.5.9-javadoc.jar:/home/biruk/Libraries/Java/iText/itextpdf-5.5.9-sources.jar:/home/biruk/Libraries/Java/iText/itextpdf-5.5.9.jar:/home/biruk/Libraries/Java/iText/xmlworker-5.5.9-javadoc.jar:/home/biruk/Libraries/Java/iText/xmlworker-5.5.9-sources.jar:/home/biruk/Libraries/Java/iText/xmlworker-5.5.9.jar:/home/biruk/Libraries/Java/ZXING/zxing.jar:/home/biruk/Libraries/Java/Webcam-Capture/libs/bridj-0.6.2.jar:/home/biruk/Libraries/Java/Webcam-Capture/libs/slf4j-api-1.7.2.jar:/home/biruk/Libraries/Java/Webcam-Capture/webcam-capture-0.3.10.jar:/home/biruk/Libraries/Java/core-2.2.jar:/home/biruk/Libraries/Java/javase-2.2.jar:/home/biruk/Libraries/Java/javamail-1.4.7/mail.jar:/home/biruk/Libraries/Java/javamail-1.4.7/lib/dsn.jar:/home/biruk/Libraries/Java/javamail-1.4.7/lib/gimap.jar:/home/biruk/Libraries/Java/javamail-1.4.7/lib/imap.jar:/home/biruk/Libraries/Java/javamail-1.4.7/lib/mailapi.jar:/home/biruk/Libraries/Java/javamail-1.4.7/lib/pop3.jar:/home/biruk/Libraries/Java/javamail-1.4.7/lib/smtp.jar:/home/biruk/Libraries/Java/rs2xml.jar:/home/biruk/NetBeansProjects/ILMS/build/classes
Launcher Type: SUN_STANDARD

Environment Variables:
JAVA_HOME=/usr/lib/jvm/java-1.7.0-openjdk-amd64
PATH=/usr/local/sbin:/usr/local/bin:/usr/sbin:/usr/bin:/sbin:/bin:/usr/games:/usr/local/games
LD_LIBRARY_PATH=/home/biruk/Programs/jdk1.8.0_71/jre/lib/amd64:/home/biruk/Programs/jdk1.8.0_71/jre/lib/i386:
SHELL=/bin/bash
DISPLAY=:0

Signal Handlers:
SIGSEGV: [libjvm.so+0xabafa0], sa_mask[0]=11111111011111111101111111111110, sa_flags=SA_RESTART|SA_SIGINFO
SIGBUS: [libjvm.so+0xabafa0], sa_mask[0]=11111111011111111101111111111110, sa_flags=SA_RESTART|SA_SIGINFO
SIGFPE: [libjvm.so+0x9183c0], sa_mask[0]=11111111011111111101111111111110, sa_flags=SA_RESTART|SA_SIGINFO
SIGPIPE: [libjvm.so+0x9183c0], sa_mask[0]=11111111011111111101111111111110, sa_flags=SA_RESTART|SA_SIGINFO
SIGXFSZ: [libjvm.so+0x9183c0], sa_mask[0]=11111111011111111101111111111110, sa_flags=SA_RESTART|SA_SIGINFO
SIGILL: [libjvm.so+0x9183c0], sa_mask[0]=11111111011111111101111111111110, sa_flags=SA_RESTART|SA_SIGINFO
SIGUSR1: SIG_DFL, sa_mask[0]=00000000000000000000000000000000, sa_flags=none
SIGUSR2: [libjvm.so+0x9199f0], sa_mask[0]=00100000000000000000000000000000, sa_flags=SA_RESTART|SA_SIGINFO
SIGHUP: [libjvm.so+0x91adf0], sa_mask[0]=11111111011111111101111111111110, sa_flags=SA_RESTART|SA_SIGINFO
SIGINT: SIG_IGN, sa_mask[0]=00000000000000000000000000000000, sa_flags=none
SIGTERM: [libjvm.so+0x91adf0], sa_mask[0]=11111111011111111101111111111110, sa_flags=SA_RESTART|SA_SIGINFO
SIGQUIT: [libjvm.so+0x91adf0], sa_mask[0]=11111111011111111101111111111110, sa_flags=SA_RESTART|SA_SIGINFO


---------------  S Y S T E M  ---------------

OS:DISTRIB_ID=Ubuntu
DISTRIB_RELEASE=14.04
DISTRIB_CODENAME=trusty
DISTRIB_DESCRIPTION="Ubuntu 14.04.4 LTS"

uname:Linux 3.19.0-56-generic #62~14.04.1-Ubuntu SMP Fri Mar 11 11:03:15 UTC 2016 x86_64
libc:glibc 2.19 NPTL 2.19 
rlimit: STACK 8192k, CORE 0k, NPROC 31484, NOFILE 4096, AS infinity
load average:0.66 0.81 0.95

/proc/meminfo:
MemTotal:        8081532 kB
MemFree:         2599248 kB
MemAvailable:    4427564 kB
Buffers:          434784 kB
Cached:          1707844 kB
SwapCached:            0 kB
Active:          4105520 kB
Inactive:        1121348 kB
Active(anon):    3105244 kB
Inactive(anon):   186788 kB
Active(file):    1000276 kB
Inactive(file):   934560 kB
Unevictable:          56 kB
Mlocked:              56 kB
SwapTotal:             0 kB
SwapFree:              0 kB
Dirty:               208 kB
Writeback:             8 kB
AnonPages:       3084472 kB
Mapped:           324788 kB
Shmem:            207720 kB
Slab:             176888 kB
SReclaimable:     124844 kB
SUnreclaim:        52044 kB
KernelStack:        9824 kB
PageTables:        26648 kB
NFS_Unstable:          0 kB
Bounce:                0 kB
WritebackTmp:          0 kB
CommitLimit:     4040764 kB
Committed_AS:    5420264 kB
VmallocTotal:   34359738367 kB
VmallocUsed:      354336 kB
VmallocChunk:   34359375324 kB
HardwareCorrupted:     0 kB
AnonHugePages:   2476032 kB
CmaTotal:              0 kB
CmaFree:               0 kB
HugePages_Total:       0
HugePages_Free:        0
HugePages_Rsvd:        0
HugePages_Surp:        0
Hugepagesize:       2048 kB
DirectMap4k:      229664 kB
DirectMap2M:     8065024 kB


CPU:total 4 (2 cores per cpu, 2 threads per core) family 6 model 42 stepping 7, cmov, cx8, fxsr, mmx, sse, sse2, sse3, ssse3, sse4.1, sse4.2, popcnt, avx, aes, clmul, ht, tsc, tscinvbit

/proc/cpuinfo:
processor	: 0
vendor_id	: GenuineIntel
cpu family	: 6
model		: 42
model name	: Intel(R) Core(TM) i5-2450M CPU @ 2.50GHz
stepping	: 7
microcode	: 0x1b
cpu MHz		: 2433.007
cache size	: 3072 KB
physical id	: 0
siblings	: 4
core id		: 0
cpu cores	: 2
apicid		: 0
initial apicid	: 0
fpu		: yes
fpu_exception	: yes
cpuid level	: 13
wp		: yes
flags		: fpu vme de pse tsc msr pae mce cx8 apic sep mtrr pge mca cmov pat pse36 clflush dts acpi mmx fxsr sse sse2 ss ht tm pbe syscall nx rdtscp lm constant_tsc arch_perfmon pebs bts rep_good nopl xtopology nonstop_tsc aperfmperf eagerfpu pni pclmulqdq dtes64 monitor ds_cpl vmx est tm2 ssse3 cx16 xtpr pdcm pcid sse4_1 sse4_2 x2apic popcnt tsc_deadline_timer aes xsave avx lahf_lm ida arat epb pln pts dtherm tpr_shadow vnmi flexpriority ept vpid xsaveopt
bugs		:
bogomips	: 4988.86
clflush size	: 64
cache_alignment	: 64
address sizes	: 36 bits physical, 48 bits virtual
power management:

processor	: 1
vendor_id	: GenuineIntel
cpu family	: 6
model		: 42
model name	: Intel(R) Core(TM) i5-2450M CPU @ 2.50GHz
stepping	: 7
microcode	: 0x1b
cpu MHz		: 2399.707
cache size	: 3072 KB
physical id	: 0
siblings	: 4
core id		: 1
cpu cores	: 2
apicid		: 2
initial apicid	: 2
fpu		: yes
fpu_exception	: yes
cpuid level	: 13
wp		: yes
flags		: fpu vme de pse tsc msr pae mce cx8 apic sep mtrr pge mca cmov pat pse36 clflush dts acpi mmx fxsr sse sse2 ss ht tm pbe syscall nx rdtscp lm constant_tsc arch_perfmon pebs bts rep_good nopl xtopology nonstop_tsc aperfmperf eagerfpu pni pclmulqdq dtes64 monitor ds_cpl vmx est tm2 ssse3 cx16 xtpr pdcm pcid sse4_1 sse4_2 x2apic popcnt tsc_deadline_timer aes xsave avx lahf_lm ida arat epb pln pts dtherm tpr_shadow vnmi flexpriority ept vpid xsaveopt
bugs		:
bogomips	: 4988.86
clflush size	: 64
cache_alignment	: 64
address sizes	: 36 bits physical, 48 bits virtual
power management:

processor	: 2
vendor_id	: GenuineIntel
cpu family	: 6
model		: 42
model name	: Intel(R) Core(TM) i5-2450M CPU @ 2.50GHz
stepping	: 7
microcode	: 0x1b
cpu MHz		: 2433.007
cache size	: 3072 KB
physical id	: 0
siblings	: 4
core id		: 0
cpu cores	: 2
apicid		: 1
initial apicid	: 1
fpu		: yes
fpu_exception	: yes
cpuid level	: 13
wp		: yes
flags		: fpu vme de pse tsc msr pae mce cx8 apic sep mtrr pge mca cmov pat pse36 clflush dts acpi mmx fxsr sse sse2 ss ht tm pbe syscall nx rdtscp lm constant_tsc arch_perfmon pebs bts rep_good nopl xtopology nonstop_tsc aperfmperf eagerfpu pni pclmulqdq dtes64 monitor ds_cpl vmx est tm2 ssse3 cx16 xtpr pdcm pcid sse4_1 sse4_2 x2apic popcnt tsc_deadline_timer aes xsave avx lahf_lm ida arat epb pln pts dtherm tpr_shadow vnmi flexpriority ept vpid xsaveopt
bugs		:
bogomips	: 4988.86
clflush size	: 64
cache_alignment	: 64
address sizes	: 36 bits physical, 48 bits virtual
power management:

processor	: 3
vendor_id	: GenuineIntel
cpu family	: 6
model		: 42
model name	: Intel(R) Core(TM) i5-2450M CPU @ 2.50GHz
stepping	: 7
microcode	: 0x1b
cpu MHz		: 2466.406
cache size	: 3072 KB
physical id	: 0
siblings	: 4
core id		: 1
cpu cores	: 2
apicid		: 3
initial apicid	: 3
fpu		: yes
fpu_exception	: yes
cpuid level	: 13
wp		: yes
flags		: fpu vme de pse tsc msr pae mce cx8 apic sep mtrr pge mca cmov pat pse36 clflush dts acpi mmx fxsr sse sse2 ss ht tm pbe syscall nx rdtscp lm constant_tsc arch_perfmon pebs bts rep_good nopl xtopology nonstop_tsc aperfmperf eagerfpu pni pclmulqdq dtes64 monitor ds_cpl vmx est tm2 ssse3 cx16 xtpr pdcm pcid sse4_1 sse4_2 x2apic popcnt tsc_deadline_timer aes xsave avx lahf_lm ida arat epb pln pts dtherm tpr_shadow vnmi flexpriority ept vpid xsaveopt
bugs		:
bogomips	: 4988.86
clflush size	: 64
cache_alignment	: 64
address sizes	: 36 bits physical, 48 bits virtual
power management:



Memory: 4k page, physical 8081532k(2599692k free), swap 0k(0k free)

vm_info: Java HotSpot(TM) 64-Bit Server VM (25.71-b15) for linux-amd64 JRE (1.8.0_71-b15), built on Dec 22 2015 18:21:33 by "java_re" with gcc 4.3.0 20080428 (Red Hat 4.3.0-8)

time: Tue Jun 21 22:44:07 2016
elapsed time: 12988 seconds (0d 3h 36m 28s)

