#
# A fatal error has been detected by the Java Runtime Environment:
#
#  SIGSEGV (0xb) at pc=0x00007f54410696ba, pid=13436, tid=139999584765696
#
# JRE version: Java(TM) SE Runtime Environment (8.0_71-b15) (build 1.8.0_71-b15)
# Java VM: Java HotSpot(TM) 64-Bit Server VM (25.71-b15 mixed mode linux-amd64 compressed oops)
# Problematic frame:
# v  ~BufferBlob::jni_fast_GetLongField
#
# Failed to write core dump. Core dumps have been disabled. To enable core dumping, try "ulimit -c unlimited" before starting Java again
#
# If you would like to submit a bug report, please visit:
#   http://bugreport.java.com/bugreport/crash.jsp
# The crash happened outside the Java Virtual Machine in native code.
# See problematic frame for where to report the bug.
#

---------------  T H R E A D  ---------------

Current thread (0x00007f5450346800):  JavaThread "AWT-XAWT" daemon [_thread_in_native, id=13457, stack(0x00007f543174c000,0x00007f543184d000)]

siginfo: si_signo: 11 (SIGSEGV), si_code: 1 (SEGV_MAPERR), si_addr: 0x0000000000000000

Registers:
RAX=0x00007f5458821f60, RBX=0x00007f54503469f8, RCX=0x00007f5459284320, RDX=0x0000000000000042
RSP=0x00007f543184b6f8, RBP=0x00007f543184b720, RSI=0x0000000000000000, RDI=0x00007f54503469f8
R8 =0x00000000d7001fb0, R9 =0x0000000000000000, R10=0x000000000000002c, R11=0x00007f5441393198
R12=0x00007f53f827d280, R13=0x0000000000000000, R14=0x00007f54334d47e0, R15=0x00007f5450346800
RIP=0x00007f54410696ba, EFLAGS=0x0000000000010246, CSGSFS=0x0000000000000033, ERR=0x0000000000000004
  TRAPNO=0x000000000000000e

Top of Stack: (sp=0x00007f543184b6f8)
0x00007f543184b6f8:   00007f54332b2ef1 00007f5454fd2eb8
0x00007f543184b708:   00007f53f827d280 00007f543184b7d0
0x00007f543184b718:   00007f543184b7a0 0000000000000000
0x00007f543184b728:   00007f5432d96ae8 00007f5454fd2eb8
0x00007f543184b738:   00007f543184b760 0000000000000000
0x00007f543184b748:   00007f5432d8e9a3 00007f543184b7d0
0x00007f543184b758:   00007f54332ac12f 00007f543184b7b0
0x00007f543184b768:   00007f5441393236 0000000000000000
0x00007f543184b778:   00007f5441373136 00007f543184b7d0
0x00007f543184b788:   00007f544115de6c 00000000d72583c0
0x00007f543184b798:   00007f544138d074 00000000d7195910
0x00007f543184b7a8:   00000000d7194bc8 00007f543184b830
0x00007f543184b7b8:   00007f5441007420 00007f543184b830
0x00007f543184b7c8:   00007f5441007420 0000000000000000
0x00007f543184b7d8:   00007f5441007760 00007f5400000e30
0x00007f543184b7e8:   00000000d72583c0 00007f543184b7f0
0x00007f543184b7f8:   00007f5454fb30cc 00007f543184b878
0x00007f543184b808:   00007f5454fbbff0 0000000000000000
0x00007f543184b818:   00007f5454fb3208 00007f543184b7d0
0x00007f543184b828:   00007f543184b870 00007f543184b8c0
0x00007f543184b838:   00007f5441007c4d 0000000000000000
0x00007f543184b848:   00000000d7f03778 0000000000000000
0x00007f543184b858:   0000000000000000 0000000000000000
0x00007f543184b868:   00000000d72583c0 0000000000000000
0x00007f543184b878:   00000000d71c86b8 00007f543184b880
0x00007f543184b888:   00007f5454fb2f0d 00007f543184b8d0
0x00007f543184b898:   00007f5454fbbff0 0000000000000000
0x00007f543184b8a8:   00007f5454fb2f18 00007f543184b870
0x00007f543184b8b8:   00007f543184b8d0 00007f543184b918
0x00007f543184b8c8:   00007f5441007c92 00000000d71c86b8
0x00007f543184b8d8:   00007f543184b8d8 00007f5454b2c9cb
0x00007f543184b8e8:   00007f543184b928 00007f5454bb3e18 

Instructions: (pc=0x00007f54410696ba)
0x00007f544106969a:   00 00 00 00 00 00 44 8b 15 61 7e 7f 17 4c 8b ce
0x00007f54410696aa:   41 f6 c2 01 0f 85 2e 00 00 00 4d 33 ca 4d 33 ca
0x00007f54410696ba:   4d 8b 09 4c 8b da 49 c1 eb 02 4b 8b 04 19 49 bb
0x00007f54410696ca:   08 15 86 58 54 7f 00 00 4c 33 d8 4c 33 d8 45 3b 

Register to memory mapping:

RAX=0x00007f5458821f60: <offset 0xf75f60> in /home/biruk/Programs/jdk1.8.0_71/jre/lib/amd64/server/libjvm.so at 0x00007f54578ac000
RBX=0x00007f54503469f8 is an unknown value
RCX=0x00007f5459284320: <offset 0x219320> in /lib/x86_64-linux-gnu/libpthread.so.0 at 0x00007f545906b000
RDX=0x0000000000000042 is an unknown value
RSP=0x00007f543184b6f8 is pointing into the stack for thread: 0x00007f5450346800
RBP=0x00007f543184b720 is pointing into the stack for thread: 0x00007f5450346800
RSI=0x0000000000000000 is an unknown value
RDI=0x00007f54503469f8 is an unknown value
R8 =0x00000000d7001fb0 is an oop
sun.util.logging.PlatformLogger$Level 
 - klass: 'sun/util/logging/PlatformLogger$Level'
R9 =0x0000000000000000 is an unknown value
R10=0x000000000000002c is an unknown value
R11=0x00007f5441393198 is at entry_point+24 in (nmethod*)0x00007f5441393010
R12=0x00007f53f827d280 is an unknown value
R13=0x0000000000000000 is an unknown value
R14=0x00007f54334d47e0: <offset 0x2587e0> in /home/biruk/Programs/jdk1.8.0_71/jre/lib/amd64/libawt_xawt.so at 0x00007f543327c000
R15=0x00007f5450346800 is a thread


Stack: [0x00007f543174c000,0x00007f543184d000],  sp=0x00007f543184b6f8,  free space=1021k
Native frames: (J=compiled Java code, j=interpreted, Vv=VM code, C=native code)
v  ~BufferBlob::jni_fast_GetLongField
C  [libX11.so.6+0x61ae8]  _XimServerDestroy+0x58

Java frames: (J=compiled Java code, j=interpreted, Vv=VM code)
J 1095  sun.awt.X11.XlibWrapper.XFilterEvent(JJ)Z (0 bytes) @ 0x00007f54413931c4 [0x00007f5441393180+0x44]
j  sun.awt.X11.XToolkit.run(Z)V+300
j  sun.awt.X11.XToolkit.run()V+5
j  java.lang.Thread.run()V+11
v  ~StubRoutines::call_stub

---------------  P R O C E S S  ---------------

Java Threads: ( => current thread )
  0x00007f53f820a000 JavaThread "Abandoned connection cleanup thread" daemon [_thread_blocked, id=13461, stack(0x00007f5430474000,0x00007f5430575000)]
  0x00007f545000a800 JavaThread "DestroyJavaVM" [_thread_blocked, id=13440, stack(0x00007f5459386000,0x00007f5459487000)]
  0x00007f545037f000 JavaThread "AWT-EventQueue-0" [_thread_blocked, id=13459, stack(0x00007f5431122000,0x00007f5431223000)]
  0x00007f545035f800 JavaThread "AWT-Shutdown" [_thread_blocked, id=13458, stack(0x00007f5431223000,0x00007f5431324000)]
=>0x00007f5450346800 JavaThread "AWT-XAWT" daemon [_thread_in_native, id=13457, stack(0x00007f543174c000,0x00007f543184d000)]
  0x00007f5450327800 JavaThread "Java2D Disposer" daemon [_thread_blocked, id=13456, stack(0x00007f543804e000,0x00007f543814f000)]
  0x00007f54500c1800 JavaThread "Service Thread" daemon [_thread_blocked, id=13454, stack(0x00007f54400af000,0x00007f54401b0000)]
  0x00007f54500be800 JavaThread "C1 CompilerThread2" daemon [_thread_blocked, id=13453, stack(0x00007f54401b0000,0x00007f54402b1000)]
  0x00007f54500bc800 JavaThread "C2 CompilerThread1" daemon [_thread_blocked, id=13452, stack(0x00007f54402b1000,0x00007f54403b2000)]
  0x00007f54500b9800 JavaThread "C2 CompilerThread0" daemon [_thread_blocked, id=13451, stack(0x00007f54403b2000,0x00007f54404b3000)]
  0x00007f54500b8000 JavaThread "Signal Dispatcher" daemon [_thread_blocked, id=13450, stack(0x00007f54404b3000,0x00007f54405b4000)]
  0x00007f545007f800 JavaThread "Finalizer" daemon [_thread_blocked, id=13449, stack(0x00007f54405b4000,0x00007f54406b5000)]
  0x00007f545007d800 JavaThread "Reference Handler" daemon [_thread_blocked, id=13448, stack(0x00007f54406b5000,0x00007f54407b6000)]

Other Threads:
  0x00007f5450078800 VMThread [stack: 0x00007f54407b6000,0x00007f54408b7000] [id=13447]
  0x00007f54500c4800 WatcherThread [stack: 0x00007f543814f000,0x00007f5438250000] [id=13455]

VM state:not at safepoint (normal execution)

VM Mutex/Monitor currently owned by a thread: None

Heap:
 PSYoungGen      total 36864K, used 18608K [0x00000000d6e00000, 0x00000000d9700000, 0x0000000100000000)
  eden space 31744K, 58% used [0x00000000d6e00000,0x00000000d802c120,0x00000000d8d00000)
  from space 5120K, 0% used [0x00000000d9200000,0x00000000d9200000,0x00000000d9700000)
  to   space 5120K, 0% used [0x00000000d8d00000,0x00000000d8d00000,0x00000000d9200000)
 ParOldGen       total 84992K, used 0K [0x0000000084a00000, 0x0000000089d00000, 0x00000000d6e00000)
  object space 84992K, 0% used [0x0000000084a00000,0x0000000084a00000,0x0000000089d00000)
 Metaspace       used 17162K, capacity 17370K, committed 17664K, reserved 1064960K
  class space    used 2085K, capacity 2193K, committed 2304K, reserved 1048576K

Card table byte_map: [0x00007f5455d70000,0x00007f545614c000] byte_map_base: 0x00007f545594b000

Marking Bits: (ParMarkBitMap*) 0x00007f5458860fc0
 Begin Bits: [0x00007f5438250000, 0x00007f543a128000)
 End Bits:   [0x00007f543a128000, 0x00007f543c000000)

Polling page: 0x00007f54594a8000

CodeCache: size=245760Kb used=3871Kb max_used=3883Kb free=241888Kb
 bounds [0x00007f5441000000, 0x00007f54413d0000, 0x00007f5450000000]
 total_blobs=1763 nmethods=1134 adapters=542
 compilation: enabled

Compilation events (10 events):
Event: 6333.319 Thread 0x00007f54500b9800 1130       4       java.util.Vector$Itr::hasNext (20 bytes)
Event: 6333.319 Thread 0x00007f54500b9800 nmethod 1130 0x00007f54413c8bd0 code [0x00007f54413c8d20, 0x00007f54413c8db8]
Event: 6535.050 Thread 0x00007f54500bc800 1131       4       sun.awt.X11.XEvent::get_xany (22 bytes)
Event: 6535.059 Thread 0x00007f54500bc800 nmethod 1131 0x00007f54413c3790 code [0x00007f54413c3920, 0x00007f54413c3c58]
Event: 7177.117 Thread 0x00007f54500b9800 1132       4       java.lang.Thread::isInterrupted (6 bytes)
Event: 7177.118 Thread 0x00007f54500b9800 nmethod 1132 0x00007f54413c8950 code [0x00007f54413c8aa0, 0x00007f54413c8b48]
Event: 10151.852 Thread 0x00007f54500b9800 1133 % !   4       com.mysql.jdbc.AbandonedConnectionCleanupThread::run @ 11 (68 bytes)
Event: 10151.861 Thread 0x00007f54500b9800 nmethod 1133% 0x00007f54413c7490 code [0x00007f54413c7600, 0x00007f54413c7a88]
Event: 11310.040 Thread 0x00007f54500bc800 1134   !   4       java.util.Vector$Itr::next (63 bytes)
Event: 11310.043 Thread 0x00007f54500bc800 nmethod 1134 0x00007f54413ccad0 code [0x00007f54413ccc20, 0x00007f54413ccf78]

GC Heap History (0 events):
No events

Deoptimization events (10 events):
Event: 0.609 Thread 0x00007f545037f000 Uncommon trap: reason=class_check action=maybe_recompile pc=0x00007f544129f14c method=java.util.HashMap.putVal(ILjava/lang/Object;Ljava/lang/Object;ZZ)Ljava/lang/Object; @ 253
Event: 0.610 Thread 0x00007f545037f000 Uncommon trap: reason=class_check action=maybe_recompile pc=0x00007f544129f14c method=java.util.HashMap.putVal(ILjava/lang/Object;Ljava/lang/Object;ZZ)Ljava/lang/Object; @ 253
Event: 0.610 Thread 0x00007f545037f000 Uncommon trap: reason=class_check action=maybe_recompile pc=0x00007f544129f14c method=java.util.HashMap.putVal(ILjava/lang/Object;Ljava/lang/Object;ZZ)Ljava/lang/Object; @ 253
Event: 0.660 Thread 0x00007f545037f000 Uncommon trap: reason=class_check action=maybe_recompile pc=0x00007f5441160cb0 method=java.lang.String.equals(Ljava/lang/Object;)Z @ 8
Event: 0.674 Thread 0x00007f545037f000 Uncommon trap: reason=class_check action=maybe_recompile pc=0x00007f5441160cb0 method=java.lang.String.equals(Ljava/lang/Object;)Z @ 8
Event: 0.674 Thread 0x00007f545037f000 Uncommon trap: reason=class_check action=maybe_recompile pc=0x00007f5441160cb0 method=java.lang.String.equals(Ljava/lang/Object;)Z @ 8
Event: 0.675 Thread 0x00007f545037f000 Uncommon trap: reason=class_check action=maybe_recompile pc=0x00007f5441160cb0 method=java.lang.String.equals(Ljava/lang/Object;)Z @ 8
Event: 0.690 Thread 0x00007f545037f000 Uncommon trap: reason=unstable_if action=reinterpret pc=0x00007f544128c450 method=sun.nio.cs.UTF_8$Decoder.decode([BII[C)I @ 30
Event: 0.702 Thread 0x00007f545037f000 Uncommon trap: reason=class_check action=maybe_recompile pc=0x00007f54411a8634 method=java.util.Properties$LineReader.readLine()I @ 62
Event: 0.702 Thread 0x00007f545037f000 Uncommon trap: reason=unstable_if action=reinterpret pc=0x00007f54411a8308 method=java.util.Properties$LineReader.readLine()I @ 206

Internal exceptions (10 events):
Event: 0.337 Thread 0x00007f545000a800 Exception <a 'java/lang/ClassNotFoundException': javax/swing/JTreeCell> (0x00000000d73fade0) thrown at [/HUDSON/workspace/8-2-build-linux-amd64/jdk8u71/5731/hotspot/src/share/vm/classfile/systemDictionary.cpp, line 210]
Event: 0.337 Thread 0x00007f545000a800 Exception <a 'java/lang/ClassNotFoundException': TreeCell> (0x00000000d73fb268) thrown at [/HUDSON/workspace/8-2-build-linux-amd64/jdk8u71/5731/hotspot/src/share/vm/classfile/systemDictionary.cpp, line 210]
Event: 0.338 Thread 0x00007f545000a800 Exception <a 'java/lang/ClassNotFoundException': RootPane> (0x00000000d73fbcc8) thrown at [/HUDSON/workspace/8-2-build-linux-amd64/jdk8u71/5731/hotspot/src/share/vm/classfile/systemDictionary.cpp, line 210]
Event: 0.383 Thread 0x00007f545037f000 Implicit null exception at 0x00007f54411b7735 to 0x00007f54411b7a8d
Event: 0.829 Thread 0x00007f545037f000 Exception <a 'java/lang/NullPointerException'> (0x00000000d7eea6f0) thrown at [/HUDSON/workspace/8-2-build-linux-amd64/jdk8u71/5731/hotspot/src/share/vm/interpreter/linkResolver.cpp, line 1178]
Event: 0.830 Thread 0x00007f545037f000 Exception <a 'java/lang/reflect/InvocationTargetException'> (0x00000000d7eedd38) thrown at [/HUDSON/workspace/8-2-build-linux-amd64/jdk8u71/5731/hotspot/src/share/vm/runtime/reflection.cpp, line 1092]
Event: 0.830 Thread 0x00007f545037f000 Exception <a 'java/lang/NullPointerException'> (0x00000000d7eeebe8) thrown at [/HUDSON/workspace/8-2-build-linux-amd64/jdk8u71/5731/hotspot/src/share/vm/interpreter/linkResolver.cpp, line 1280]
Event: 0.959 Thread 0x00007f545037f000 Exception <a 'java/lang/UnsupportedOperationException': > (0x00000000d7f3c900) thrown at [/HUDSON/workspace/8-2-build-linux-amd64/jdk8u71/5731/hotspot/src/share/vm/prims/jni.cpp, line 735]
Event: 2.157 Thread 0x00007f545037f000 Exception <a 'java/lang/NullPointerException'> (0x00000000d7f5c0d0) thrown at [/HUDSON/workspace/8-2-build-linux-amd64/jdk8u71/5731/hotspot/src/share/vm/interpreter/linkResolver.cpp, line 1178]
Event: 2.157 Thread 0x00007f545037f000 Exception <a 'java/lang/NullPointerException'> (0x00000000d7f5c0d0) thrown at [/HUDSON/workspace/8-2-build-linux-amd64/jdk8u71/5731/hotspot/src/share/vm/prims/jvm.cpp, line 1390]

Events (10 events):
Event: 2.156 loading class Entity/Librarian done
Event: 2.157 loading class java/lang/Throwable$WrappedPrintStream
Event: 2.157 loading class java/lang/Throwable$WrappedPrintStream done
Event: 4.081 Executing VM operation: EnableBiasedLocking
Event: 4.081 Executing VM operation: EnableBiasedLocking done
Event: 5.591 Thread 0x00007f53f813f000 Thread exited: 0x00007f53f813f000
Event: 10972.183 Thread 0x00007f53f820a000 DEOPT PACKING pc=0x00007f54413c9c83 sp=0x00007f5430573640
Event: 10972.183 Thread 0x00007f53f820a000 DEOPT UNPACKING pc=0x00007f5441047633 sp=0x00007f5430573420 mode 0
Event: 13000.092 loading class sun/awt/X11/XDestroyWindowEvent
Event: 13000.183 loading class sun/awt/X11/XDestroyWindowEvent done


Dynamic libraries:
00400000-00401000 r-xp 00000000 08:04 3281678                            /home/biruk/Programs/jdk1.8.0_71/bin/java
00600000-00601000 rw-p 00000000 08:04 3281678                            /home/biruk/Programs/jdk1.8.0_71/bin/java
015dc000-015fd000 rw-p 00000000 00:00 0                                  [heap]
84a00000-89d00000 rw-p 00000000 00:00 0 
89d00000-d6e00000 ---p 00000000 00:00 0 
d6e00000-d9700000 rw-p 00000000 00:00 0 
d9700000-100000000 ---p 00000000 00:00 0 
100000000-100240000 rw-p 00000000 00:00 0 
100240000-140000000 ---p 00000000 00:00 0 
7f53ebdd3000-7f53ebdfd000 r-xp 00000000 08:04 3281492                    /home/biruk/Programs/jdk1.8.0_71/jre/lib/amd64/libdcpr.so
7f53ebdfd000-7f53ebffd000 ---p 0002a000 08:04 3281492                    /home/biruk/Programs/jdk1.8.0_71/jre/lib/amd64/libdcpr.so
7f53ebffd000-7f53ec000000 rw-p 0002a000 08:04 3281492                    /home/biruk/Programs/jdk1.8.0_71/jre/lib/amd64/libdcpr.so
7f53ec000000-7f53ec03f000 rw-p 00000000 00:00 0 
7f53ec03f000-7f53f0000000 ---p 00000000 00:00 0 
7f53f0000000-7f53f0021000 rw-p 00000000 00:00 0 
7f53f0021000-7f53f4000000 ---p 00000000 00:00 0 
7f53f4000000-7f53f4021000 rw-p 00000000 00:00 0 
7f53f4021000-7f53f8000000 ---p 00000000 00:00 0 
7f53f8000000-7f53f83fd000 rw-p 00000000 00:00 0 
7f53f83fd000-7f53fc000000 ---p 00000000 00:00 0 
7f53fc000000-7f53fc021000 rw-p 00000000 00:00 0 
7f53fc021000-7f5400000000 ---p 00000000 00:00 0 
7f5400000000-7f5400024000 rw-p 00000000 00:00 0 
7f5400024000-7f5404000000 ---p 00000000 00:00 0 
7f5404000000-7f5404021000 rw-p 00000000 00:00 0 
7f5404021000-7f5408000000 ---p 00000000 00:00 0 
7f5408000000-7f5408021000 rw-p 00000000 00:00 0 
7f5408021000-7f540c000000 ---p 00000000 00:00 0 
7f540c000000-7f540c0d1000 rw-p 00000000 00:00 0 
7f540c0d1000-7f5410000000 ---p 00000000 00:00 0 
7f5410000000-7f541058a000 rw-p 00000000 00:00 0 
7f541058a000-7f5414000000 ---p 00000000 00:00 0 
7f5414000000-7f5414021000 rw-p 00000000 00:00 0 
7f5414021000-7f5418000000 ---p 00000000 00:00 0 
7f5418000000-7f5418103000 rw-p 00000000 00:00 0 
7f5418103000-7f541c000000 ---p 00000000 00:00 0 
7f541c000000-7f541c021000 rw-p 00000000 00:00 0 
7f541c021000-7f5420000000 ---p 00000000 00:00 0 
7f5420000000-7f5420021000 rw-p 00000000 00:00 0 
7f5420021000-7f5424000000 ---p 00000000 00:00 0 
7f5424000000-7f5424021000 rw-p 00000000 00:00 0 
7f5424021000-7f5428000000 ---p 00000000 00:00 0 
7f5428000000-7f5428021000 rw-p 00000000 00:00 0 
7f5428021000-7f542c000000 ---p 00000000 00:00 0 
7f542c000000-7f542c021000 rw-p 00000000 00:00 0 
7f542c021000-7f5430000000 ---p 00000000 00:00 0 
7f5430074000-7f5430174000 rw-p 00000000 00:00 0 
7f5430174000-7f5430274000 ---p 00000000 00:00 0 
7f5430274000-7f5430474000 rw-p 00000000 00:00 0 
7f5430474000-7f5430477000 ---p 00000000 00:00 0 
7f5430477000-7f5430575000 rw-p 00000000 00:00 0                          [stack:13461]
7f5430575000-7f5430578000 ---p 00000000 00:00 0 
7f5430578000-7f5430676000 rw-p 00000000 00:00 0 
7f5430676000-7f54306df000 r-xp 00000000 08:04 3281521                    /home/biruk/Programs/jdk1.8.0_71/jre/lib/amd64/libt2k.so
7f54306df000-7f54308df000 ---p 00069000 08:04 3281521                    /home/biruk/Programs/jdk1.8.0_71/jre/lib/amd64/libt2k.so
7f54308df000-7f54308e6000 rw-p 00069000 08:04 3281521                    /home/biruk/Programs/jdk1.8.0_71/jre/lib/amd64/libt2k.so
7f54308e6000-7f54308f6000 rw-p 00000000 00:00 0 
7f54308f6000-7f543090e000 r--s 00000000 08:04 2492817                    /usr/share/fonts/type1/gsfonts/c059036l.pfb
7f543090e000-7f5430923000 r--s 00000000 08:04 2492802                    /usr/share/fonts/type1/gsfonts/b018032l.pfb
7f5430923000-7f543093f000 r--s 00000000 08:04 2492880                    /usr/share/fonts/type1/gsfonts/p052024l.pfb
7f543093f000-7f543094b000 r--s 00000000 08:04 2492820                    /usr/share/fonts/type1/gsfonts/d050000l.pfb
7f543094b000-7f543095b000 r--s 00000000 08:04 2492784                    /usr/share/fonts/type1/gsfonts/a010013l.pfb
7f543095b000-7f543096e000 r--s 00000000 08:04 2492844                    /usr/share/fonts/type1/gsfonts/n019064l.pfb
7f543096e000-7f5430986000 r--s 00000000 08:04 2492814                    /usr/share/fonts/type1/gsfonts/c059033l.pfb
7f5430986000-7f5430999000 r--s 00000000 08:04 2492799                    /usr/share/fonts/type1/gsfonts/b018015l.pfb
7f5430999000-7f543099a000 r--s 00000000 08:04 6160479                    /var/cache/fontconfig/c05880de57d1f5e948fdfacc138775d9-le64.cache-4
7f543099a000-7f54309a5000 r--s 00000000 08:04 6160473                    /var/cache/fontconfig/945677eb7aeaf62f1d50efc3fb3ec7d8-le64.cache-4
7f54309a5000-7f54309a7000 r--s 00000000 08:04 6163719                    /var/cache/fontconfig/99e8ed0e538f840c565b6ed5dad60d56-le64.cache-4
7f54309a7000-7f54309b0000 r--s 00000000 08:04 6163718                    /var/cache/fontconfig/a6d8cf8e4ec09cdbc8633c31745a07dd-le64.cache-4
7f54309b0000-7f54309b6000 r--s 00000000 08:04 6160459                    /var/cache/fontconfig/2cd17615ca594fa2959ae173292e504c-le64.cache-4
7f54309b6000-7f54309b7000 r--s 00000000 08:04 6160489                    /var/cache/fontconfig/e7071f4a29fa870f4323321c154eba04-le64.cache-4
7f54309b7000-7f54309b8000 r--s 00000000 08:04 6160456                    /var/cache/fontconfig/0d8c3b2ac0904cb8a57a757ad11a4a08-le64.cache-4
7f54309b8000-7f54309bf000 r--s 00000000 08:04 6160476                    /var/cache/fontconfig/a755afe4a08bf5b97852ceb7400b47bc-le64.cache-4
7f54309bf000-7f54309c3000 r--s 00000000 08:04 6169478                    /var/cache/fontconfig/6d41288fd70b0be22e8c3a91e032eec0-le64.cache-4
7f54309c3000-7f54309d7000 r--s 00000000 08:04 6160454                    /var/cache/fontconfig/04aabc0a78ac019cf9454389977116d2-le64.cache-4
7f54309d7000-7f54309d8000 r--s 00000000 08:04 6160458                    /var/cache/fontconfig/1ac9eb803944fde146138c791f5cc56a-le64.cache-4
7f54309d8000-7f54309dc000 r--s 00000000 08:04 6160462                    /var/cache/fontconfig/385c0604a188198f04d133e54aba7fe7-le64.cache-4
7f54309dc000-7f54309dd000 r--s 00000000 08:04 6160486                    /var/cache/fontconfig/dc05db6664285cc2f12bf69c139ae4c3-le64.cache-4
7f54309dd000-7f54309df000 r--s 00000000 08:04 6160470                    /var/cache/fontconfig/767a8244fc0220cfb567a839d0392e0b-le64.cache-4
7f54309df000-7f54309e0000 r--s 00000000 08:04 6170711                    /var/cache/fontconfig/4794a0821666d79190d59a36cb4f44b5-le64.cache-4
7f54309e0000-7f54309e5000 r--s 00000000 08:04 6160472                    /var/cache/fontconfig/8801497958630a81b71ace7c5f9b32a8-le64.cache-4
7f54309e5000-7f54309ec000 r--s 00000000 08:04 6160460                    /var/cache/fontconfig/3047814df9a2f067bd2d96a2b9c36e5a-le64.cache-4
7f54309ec000-7f54309ed000 r--s 00000000 08:04 6160466                    /var/cache/fontconfig/56cf4f4769d0f4abc89a4895d7bd3ae1-le64.cache-4
7f54309f4000-7f5430a0b000 r--s 00000000 08:04 2492886                    /usr/share/fonts/type1/gsfonts/z003034l.pfb
7f5430a0b000-7f5430a1b000 r--s 00000000 08:04 2492787                    /usr/share/fonts/type1/gsfonts/a010015l.pfb
7f5430a1b000-7f5430a2d000 r--s 00000000 08:04 2492835                    /usr/share/fonts/type1/gsfonts/n019043l.pfb
7f5430a2d000-7f5430a48000 r--s 00000000 08:04 2492877                    /usr/share/fonts/type1/gsfonts/p052023l.pfb
7f5430a48000-7f5430a63000 r--s 00000000 08:04 2492811                    /usr/share/fonts/type1/gsfonts/c059016l.pfb
7f5430a63000-7f5430a7c000 r--s 00000000 08:04 2492796                    /usr/share/fonts/type1/gsfonts/b018012l.pfb
7f5430a7c000-7f5430a8e000 r--s 00000000 08:04 2492838                    /usr/share/fonts/type1/gsfonts/n019044l.pfb
7f5430a8e000-7f5430aa9000 r--s 00000000 08:04 2492874                    /usr/share/fonts/type1/gsfonts/p052004l.pfb
7f5430aa9000-7f5430ab9000 r--s 00000000 08:04 2492790                    /usr/share/fonts/type1/gsfonts/a010033l.pfb
7f5430ab9000-7f5430ac2000 r--s 00000000 08:04 2492883                    /usr/share/fonts/type1/gsfonts/s050000l.pfb
7f5430ac2000-7f5430add000 r--s 00000000 08:04 2492871                    /usr/share/fonts/type1/gsfonts/p052003l.pfb
7f5430add000-7f5430aef000 r--s 00000000 08:04 2492805                    /usr/share/fonts/type1/gsfonts/b018035l.pfb
7f5430aef000-7f5430b00000 r--s 00000000 08:04 2492793                    /usr/share/fonts/type1/gsfonts/a010035l.pfb
7f5430b00000-7f5430b1a000 r--s 00000000 08:04 2492808                    /usr/share/fonts/type1/gsfonts/c059013l.pfb
7f5430b1a000-7f5430b2b000 r--s 00000000 08:04 2492841                    /usr/share/fonts/type1/gsfonts/n019063l.pfb
7f5430b2b000-7f5430b34000 r--s 00000000 08:04 2492094                    /usr/share/fonts/X11/Type1/c0648bt_.pfb
7f5430b34000-7f5430b3d000 r--s 00000000 08:04 2492090                    /usr/share/fonts/X11/Type1/c0632bt_.pfb
7f5430b3d000-7f5430b46000 r--s 00000000 08:04 2492096                    /usr/share/fonts/X11/Type1/c0649bt_.pfb
7f5430b46000-7f5430b4f000 r--s 00000000 08:04 2492092                    /usr/share/fonts/X11/Type1/c0633bt_.pfb
7f5430b4f000-7f5430b59000 r--s 00000000 08:04 2492086                    /usr/share/fonts/X11/Type1/c0583bt_.pfb
7f5430b59000-7f5430b63000 r--s 00000000 08:04 2492084                    /usr/share/fonts/X11/Type1/c0582bt_.pfb
7f5430b63000-7f5430b6d000 r--s 00000000 08:04 2492082                    /usr/share/fonts/X11/Type1/c0419bt_.pfb
7f5430b6d000-7f5430b77000 r--s 00000000 08:04 2492889                    /usr/share/fonts/type1/mathml/Symbol.pfb
7f5430b77000-7f5430b81000 r--s 00000000 08:04 2492088                    /usr/share/fonts/X11/Type1/c0611bt_.pfb
7f5430b81000-7f5430b82000 r--s 00000000 08:04 6160479                    /var/cache/fontconfig/c05880de57d1f5e948fdfacc138775d9-le64.cache-4
7f5430b82000-7f5430b8d000 r--s 00000000 08:04 6160473                    /var/cache/fontconfig/945677eb7aeaf62f1d50efc3fb3ec7d8-le64.cache-4
7f5430b8d000-7f5430b8f000 r--s 00000000 08:04 6163719                    /var/cache/fontconfig/99e8ed0e538f840c565b6ed5dad60d56-le64.cache-4
7f5430b8f000-7f5430b98000 r--s 00000000 08:04 6163718                    /var/cache/fontconfig/a6d8cf8e4ec09cdbc8633c31745a07dd-le64.cache-4
7f5430b98000-7f5430b9e000 r--s 00000000 08:04 6160459                    /var/cache/fontconfig/2cd17615ca594fa2959ae173292e504c-le64.cache-4
7f5430b9e000-7f5430b9f000 r--s 00000000 08:04 6160489                    /var/cache/fontconfig/e7071f4a29fa870f4323321c154eba04-le64.cache-4
7f5430b9f000-7f5430ba0000 r--s 00000000 08:04 6160456                    /var/cache/fontconfig/0d8c3b2ac0904cb8a57a757ad11a4a08-le64.cache-4
7f5430ba0000-7f5430ba7000 r--s 00000000 08:04 6160476                    /var/cache/fontconfig/a755afe4a08bf5b97852ceb7400b47bc-le64.cache-4
7f5430ba7000-7f5430bab000 r--s 00000000 08:04 6169478                    /var/cache/fontconfig/6d41288fd70b0be22e8c3a91e032eec0-le64.cache-4
7f5430bab000-7f5430bbf000 r--s 00000000 08:04 6160454                    /var/cache/fontconfig/04aabc0a78ac019cf9454389977116d2-le64.cache-4
7f5430bbf000-7f5430bc0000 r--s 00000000 08:04 6160458                    /var/cache/fontconfig/1ac9eb803944fde146138c791f5cc56a-le64.cache-4
7f5430bc0000-7f5430bc4000 r--s 00000000 08:04 6160462                    /var/cache/fontconfig/385c0604a188198f04d133e54aba7fe7-le64.cache-4
7f5430bc4000-7f5430bc5000 r--s 00000000 08:04 6160486                    /var/cache/fontconfig/dc05db6664285cc2f12bf69c139ae4c3-le64.cache-4
7f5430bc5000-7f5430bc7000 r--s 00000000 08:04 6160470                    /var/cache/fontconfig/767a8244fc0220cfb567a839d0392e0b-le64.cache-4
7f5430bc7000-7f5430bc8000 r--s 00000000 08:04 6170711                    /var/cache/fontconfig/4794a0821666d79190d59a36cb4f44b5-le64.cache-4
7f5430bc8000-7f5430bcd000 r--s 00000000 08:04 6160472                    /var/cache/fontconfig/8801497958630a81b71ace7c5f9b32a8-le64.cache-4
7f5430bcd000-7f5430bd4000 r--s 00000000 08:04 6160460                    /var/cache/fontconfig/3047814df9a2f067bd2d96a2b9c36e5a-le64.cache-4
7f5430bd4000-7f5430bd5000 r--s 00000000 08:04 6160466                    /var/cache/fontconfig/56cf4f4769d0f4abc89a4895d7bd3ae1-le64.cache-4
7f5430bd5000-7f5430bd6000 r--s 00000000 08:04 6160478                    /var/cache/fontconfig/b9d506c9ac06c20b433354fa67a72993-le64.cache-4
7f5430bd6000-7f5430bdc000 r--s 00000000 08:04 6160477                    /var/cache/fontconfig/b47c4e1ecd0709278f4910c18777a504-le64.cache-4
7f5430bdc000-7f5430be5000 r--s 00000000 08:04 6163717                    /var/cache/fontconfig/52f7bdb7ce746bfd7eaa1985bd9cfa93-le64.cache-4
7f5430be5000-7f5430bf8000 r--s 00000000 08:04 6160483                    /var/cache/fontconfig/d52a8644073d54c13679302ca1180695-le64.cache-4
7f5430bf8000-7f5430c01000 r--s 00000000 08:04 6160463                    /var/cache/fontconfig/3f7329c5293ffd510edef78f73874cfd-le64.cache-4
7f5430c01000-7f5430c0c000 r--s 00000000 08:04 6169083                    /var/cache/fontconfig/d589a48862398ed80a3d6066f4f56f4c-le64.cache-4
7f5430c0c000-7f5430c0d000 r--s 00000000 08:04 6160455                    /var/cache/fontconfig/0c9eb80ebd1c36541ebe2852d3bb0c49-le64.cache-4
7f5430c0d000-7f5430c10000 r--s 00000000 08:04 6161601                    /var/cache/fontconfig/e13b20fdb08344e0e664864cc2ede53d-le64.cache-4
7f5430c10000-7f5430c14000 r--s 00000000 08:04 6161489                    /var/cache/fontconfig/7ef2298fde41cc6eeb7af42e48b7d293-le64.cache-4
7f5430c14000-7f5430c2a000 r--s 00000000 08:04 2492865                    /usr/share/fonts/type1/gsfonts/n022023l.pfb
7f5430c2a000-7f5430c43000 r--s 00000000 08:04 2492850                    /usr/share/fonts/type1/gsfonts/n021004l.pfb
7f5430c43000-7f5430c57000 r--s 00000000 08:04 2492823                    /usr/share/fonts/type1/gsfonts/n019003l.pfb
7f5430c57000-7f5430c68000 r--s 00000000 08:04 2492829                    /usr/share/fonts/type1/gsfonts/n019023l.pfb
7f5430c68000-7f5430c81000 r--s 00000000 08:04 2492847                    /usr/share/fonts/type1/gsfonts/n021003l.pfb
7f5430c81000-7f5430c93000 r--s 00000000 08:04 2492826                    /usr/share/fonts/type1/gsfonts/n019004l.pfb
7f5430c93000-7f5430c9d000 r--s 00000000 08:04 2492889                    /usr/share/fonts/type1/mathml/Symbol.pfb
7f5430c9d000-7f5430cb3000 r--s 00000000 08:04 2492868                    /usr/share/fonts/type1/gsfonts/n022024l.pfb
7f5430cb3000-7f5430cca000 r--s 00000000 08:04 2492853                    /usr/share/fonts/type1/gsfonts/n021023l.pfb
7f5430cca000-7f5430ce2000 r--s 00000000 08:04 2492859                    /usr/share/fonts/type1/gsfonts/n022003l.pfb
7f5430ce2000-7f5430cf3000 r--s 00000000 08:04 2492832                    /usr/share/fonts/type1/gsfonts/n019024l.pfb
7f5430cf3000-7f5430d0c000 r--s 00000000 08:04 2492862                    /usr/share/fonts/type1/gsfonts/n022004l.pfb
7f5430d0c000-7f5430d22000 r--s 00000000 08:04 2492856                    /usr/share/fonts/type1/gsfonts/n021024l.pfb
7f5430d22000-7f5430f22000 rw-p 00000000 00:00 0 
7f5430f22000-7f5431122000 rw-p 00000000 00:00 0 
7f5431122000-7f5431125000 ---p 00000000 00:00 0 
7f5431125000-7f5431223000 rw-p 00000000 00:00 0                          [stack:13459]
7f5431223000-7f5431226000 ---p 00000000 00:00 0 
7f5431226000-7f5431324000 rw-p 00000000 00:00 0                          [stack:13458]
7f5431324000-7f5431335000 r-xp 00000000 08:04 3281519                    /home/biruk/Programs/jdk1.8.0_71/jre/lib/amd64/libnio.so
7f5431335000-7f5431534000 ---p 00011000 08:04 3281519                    /home/biruk/Programs/jdk1.8.0_71/jre/lib/amd64/libnio.so
7f5431534000-7f5431535000 rw-p 00010000 08:04 3281519                    /home/biruk/Programs/jdk1.8.0_71/jre/lib/amd64/libnio.so
7f5431535000-7f543154b000 r-xp 00000000 08:04 3281520                    /home/biruk/Programs/jdk1.8.0_71/jre/lib/amd64/libnet.so
7f543154b000-7f543174b000 ---p 00016000 08:04 3281520                    /home/biruk/Programs/jdk1.8.0_71/jre/lib/amd64/libnet.so
7f543174b000-7f543174c000 rw-p 00016000 08:04 3281520                    /home/biruk/Programs/jdk1.8.0_71/jre/lib/amd64/libnet.so
7f543174c000-7f543174f000 ---p 00000000 00:00 0 
7f543174f000-7f543184d000 rw-p 00000000 00:00 0                          [stack:13457]
7f543184d000-7f5431852000 r-xp 00000000 08:04 1581090                    /usr/lib/x86_64-linux-gnu/libXfixes.so.3.1.0
7f5431852000-7f5431a51000 ---p 00005000 08:04 1581090                    /usr/lib/x86_64-linux-gnu/libXfixes.so.3.1.0
7f5431a51000-7f5431a52000 r--p 00004000 08:04 1581090                    /usr/lib/x86_64-linux-gnu/libXfixes.so.3.1.0
7f5431a52000-7f5431a53000 rw-p 00005000 08:04 1581090                    /usr/lib/x86_64-linux-gnu/libXfixes.so.3.1.0
7f5431a53000-7f5431a5c000 r-xp 00000000 08:04 1581082                    /usr/lib/x86_64-linux-gnu/libXcursor.so.1.0.2
7f5431a5c000-7f5431c5b000 ---p 00009000 08:04 1581082                    /usr/lib/x86_64-linux-gnu/libXcursor.so.1.0.2
7f5431c5b000-7f5431c5c000 r--p 00008000 08:04 1581082                    /usr/lib/x86_64-linux-gnu/libXcursor.so.1.0.2
7f5431c5c000-7f5431c5d000 rw-p 00009000 08:04 1581082                    /usr/lib/x86_64-linux-gnu/libXcursor.so.1.0.2
7f5431c5d000-7f5431c73000 r-xp 00000000 08:04 1048595                    /lib/x86_64-linux-gnu/libgcc_s.so.1
7f5431c73000-7f5431e72000 ---p 00016000 08:04 1048595                    /lib/x86_64-linux-gnu/libgcc_s.so.1
7f5431e72000-7f5431e73000 rw-p 00015000 08:04 1048595                    /lib/x86_64-linux-gnu/libgcc_s.so.1
7f5431e73000-7f5431ed8000 r-xp 00000000 08:04 3281383                    /home/biruk/Programs/jdk1.8.0_71/jre/lib/amd64/libfontmanager.so
7f5431ed8000-7f54320d7000 ---p 00065000 08:04 3281383                    /home/biruk/Programs/jdk1.8.0_71/jre/lib/amd64/libfontmanager.so
7f54320d7000-7f54320dc000 rw-p 00064000 08:04 3281383                    /home/biruk/Programs/jdk1.8.0_71/jre/lib/amd64/libfontmanager.so
7f54320dc000-7f54320ec000 rw-p 00000000 00:00 0 
7f54320ec000-7f54320f1000 r-xp 00000000 08:04 1581086                    /usr/lib/x86_64-linux-gnu/libXdmcp.so.6.0.0
7f54320f1000-7f54322f0000 ---p 00005000 08:04 1581086                    /usr/lib/x86_64-linux-gnu/libXdmcp.so.6.0.0
7f54322f0000-7f54322f1000 r--p 00004000 08:04 1581086                    /usr/lib/x86_64-linux-gnu/libXdmcp.so.6.0.0
7f54322f1000-7f54322f2000 rw-p 00005000 08:04 1581086                    /usr/lib/x86_64-linux-gnu/libXdmcp.so.6.0.0
7f54322f2000-7f54322f4000 r-xp 00000000 08:04 1581075                    /usr/lib/x86_64-linux-gnu/libXau.so.6.0.0
7f54322f4000-7f54324f4000 ---p 00002000 08:04 1581075                    /usr/lib/x86_64-linux-gnu/libXau.so.6.0.0
7f54324f4000-7f54324f5000 r--p 00002000 08:04 1581075                    /usr/lib/x86_64-linux-gnu/libXau.so.6.0.0
7f54324f5000-7f54324f6000 rw-p 00003000 08:04 1581075                    /usr/lib/x86_64-linux-gnu/libXau.so.6.0.0
7f54324f6000-7f5432513000 r-xp 00000000 08:04 1582141                    /usr/lib/x86_64-linux-gnu/libxcb.so.1.1.0
7f5432513000-7f5432713000 ---p 0001d000 08:04 1582141                    /usr/lib/x86_64-linux-gnu/libxcb.so.1.1.0
7f5432713000-7f5432714000 r--p 0001d000 08:04 1582141                    /usr/lib/x86_64-linux-gnu/libxcb.so.1.1.0
7f5432714000-7f5432715000 rw-p 0001e000 08:04 1582141                    /usr/lib/x86_64-linux-gnu/libxcb.so.1.1.0
7f5432715000-7f5432724000 r-xp 00000000 08:04 1581096                    /usr/lib/x86_64-linux-gnu/libXi.so.6.1.0
7f5432724000-7f5432923000 ---p 0000f000 08:04 1581096                    /usr/lib/x86_64-linux-gnu/libXi.so.6.1.0
7f5432923000-7f5432924000 r--p 0000e000 08:04 1581096                    /usr/lib/x86_64-linux-gnu/libXi.so.6.1.0
7f5432924000-7f5432925000 rw-p 0000f000 08:04 1581096                    /usr/lib/x86_64-linux-gnu/libXi.so.6.1.0
7f5432925000-7f543292a000 r-xp 00000000 08:04 1581116                    /usr/lib/x86_64-linux-gnu/libXtst.so.6.1.0
7f543292a000-7f5432b29000 ---p 00005000 08:04 1581116                    /usr/lib/x86_64-linux-gnu/libXtst.so.6.1.0
7f5432b29000-7f5432b2a000 r--p 00004000 08:04 1581116                    /usr/lib/x86_64-linux-gnu/libXtst.so.6.1.0
7f5432b2a000-7f5432b2b000 rw-p 00005000 08:04 1581116                    /usr/lib/x86_64-linux-gnu/libXtst.so.6.1.0
7f5432b2b000-7f5432b34000 r-xp 00000000 08:04 1581110                    /usr/lib/x86_64-linux-gnu/libXrender.so.1.3.0
7f5432b34000-7f5432d33000 ---p 00009000 08:04 1581110                    /usr/lib/x86_64-linux-gnu/libXrender.so.1.3.0
7f5432d33000-7f5432d34000 r--p 00008000 08:04 1581110                    /usr/lib/x86_64-linux-gnu/libXrender.so.1.3.0
7f5432d34000-7f5432d35000 rw-p 00009000 08:04 1581110                    /usr/lib/x86_64-linux-gnu/libXrender.so.1.3.0
7f5432d35000-7f5432e65000 r-xp 00000000 08:04 1581071                    /usr/lib/x86_64-linux-gnu/libX11.so.6.3.0
7f5432e65000-7f5433065000 ---p 00130000 08:04 1581071                    /usr/lib/x86_64-linux-gnu/libX11.so.6.3.0
7f5433065000-7f5433066000 r--p 00130000 08:04 1581071                    /usr/lib/x86_64-linux-gnu/libX11.so.6.3.0
7f5433066000-7f543306a000 rw-p 00131000 08:04 1581071                    /usr/lib/x86_64-linux-gnu/libX11.so.6.3.0
7f543306a000-7f543307b000 r-xp 00000000 08:04 1581088                    /usr/lib/x86_64-linux-gnu/libXext.so.6.4.0
7f543307b000-7f543327a000 ---p 00011000 08:04 1581088                    /usr/lib/x86_64-linux-gnu/libXext.so.6.4.0
7f543327a000-7f543327b000 r--p 00010000 08:04 1581088                    /usr/lib/x86_64-linux-gnu/libXext.so.6.4.0
7f543327b000-7f543327c000 rw-p 00011000 08:04 1581088                    /usr/lib/x86_64-linux-gnu/libXext.so.6.4.0
7f543327c000-7f54332d0000 r-xp 00000000 08:04 3281427                    /home/biruk/Programs/jdk1.8.0_71/jre/lib/amd64/libawt_xawt.so
7f54332d0000-7f54334d0000 ---p 00054000 08:04 3281427                    /home/biruk/Programs/jdk1.8.0_71/jre/lib/amd64/libawt_xawt.so
7f54334d0000-7f54334d4000 rw-p 00054000 08:04 3281427                    /home/biruk/Programs/jdk1.8.0_71/jre/lib/amd64/libawt_xawt.so
7f54334d4000-7f54334d5000 rw-p 00000000 00:00 0 
7f54334d5000-7f5433577000 r-xp 00000000 08:04 3281522                    /home/biruk/Programs/jdk1.8.0_71/jre/lib/amd64/libawt.so
7f5433577000-7f5433777000 ---p 000a2000 08:04 3281522                    /home/biruk/Programs/jdk1.8.0_71/jre/lib/amd64/libawt.so
7f5433777000-7f5433783000 rw-p 000a2000 08:04 3281522                    /home/biruk/Programs/jdk1.8.0_71/jre/lib/amd64/libawt.so
7f5433783000-7f54337a7000 rw-p 00000000 00:00 0 
7f54337a7000-7f5434000000 r--p 00000000 08:04 1580045                    /usr/lib/locale/locale-archive
7f5434000000-7f5434021000 rw-p 00000000 00:00 0 
7f5434021000-7f5438000000 ---p 00000000 00:00 0 
7f5438000000-7f5438001000 r--s 00000000 08:04 6160478                    /var/cache/fontconfig/b9d506c9ac06c20b433354fa67a72993-le64.cache-4
7f5438001000-7f543800a000 r--s 00000000 08:04 6163717                    /var/cache/fontconfig/52f7bdb7ce746bfd7eaa1985bd9cfa93-le64.cache-4
7f543800a000-7f543801d000 r--s 00000000 08:04 6160483                    /var/cache/fontconfig/d52a8644073d54c13679302ca1180695-le64.cache-4
7f543801d000-7f543804e000 rw-p 00000000 00:00 0 
7f543804e000-7f5438051000 ---p 00000000 00:00 0 
7f5438051000-7f543814f000 rw-p 00000000 00:00 0                          [stack:13456]
7f543814f000-7f5438150000 ---p 00000000 00:00 0 
7f5438150000-7f543c000000 rw-p 00000000 00:00 0                          [stack:13455]
7f543c000000-7f543c021000 rw-p 00000000 00:00 0 
7f543c021000-7f5440000000 ---p 00000000 00:00 0 
7f5440000000-7f5440006000 r--s 00000000 08:04 6160477                    /var/cache/fontconfig/b47c4e1ecd0709278f4910c18777a504-le64.cache-4
7f5440006000-7f544000f000 r--s 00000000 08:04 6160463                    /var/cache/fontconfig/3f7329c5293ffd510edef78f73874cfd-le64.cache-4
7f544000f000-7f544001a000 r--s 00000000 08:04 6169083                    /var/cache/fontconfig/d589a48862398ed80a3d6066f4f56f4c-le64.cache-4
7f544001a000-7f544001b000 r--s 00000000 08:04 6160455                    /var/cache/fontconfig/0c9eb80ebd1c36541ebe2852d3bb0c49-le64.cache-4
7f544001b000-7f544001e000 r--s 00000000 08:04 6161601                    /var/cache/fontconfig/e13b20fdb08344e0e664864cc2ede53d-le64.cache-4
7f544001e000-7f5440022000 r--s 00000000 08:04 6161489                    /var/cache/fontconfig/7ef2298fde41cc6eeb7af42e48b7d293-le64.cache-4
7f5440022000-7f5440025000 r--s 00027000 08:04 3025614                    /home/biruk/Libraries/Java/rs2xml.jar
7f5440025000-7f5440026000 r--s 0000c000 08:04 3676579                    /home/biruk/Libraries/Java/javamail-1.4.7/lib/smtp.jar
7f5440026000-7f5440027000 r--s 0000a000 08:04 3676580                    /home/biruk/Libraries/Java/javamail-1.4.7/lib/pop3.jar
7f5440027000-7f544002c000 r--s 00040000 08:04 3676583                    /home/biruk/Libraries/Java/javamail-1.4.7/lib/mailapi.jar
7f544002c000-7f544002f000 r--s 0002a000 08:04 3676578                    /home/biruk/Libraries/Java/javamail-1.4.7/lib/imap.jar
7f544002f000-7f5440030000 r--s 00003000 08:04 3676582                    /home/biruk/Libraries/Java/javamail-1.4.7/lib/gimap.jar
7f5440030000-7f5440038000 r--s 00078000 08:04 3546067                    /home/biruk/Libraries/Java/javamail-1.4.7/mail.jar
7f5440038000-7f5440040000 r--s 00078000 08:04 3025618                    /home/biruk/Libraries/Java/core-2.2.jar
7f5440040000-7f5440044000 r--s 00060000 08:04 3672118                    /home/biruk/Libraries/Java/Webcam-Capture/webcam-capture-0.3.10.jar
7f5440044000-7f5440046000 r--s 00005000 08:04 3934909                    /home/biruk/Libraries/Java/Webcam-Capture/libs/slf4j-api-1.7.2.jar
7f5440046000-7f544004e000 r--s 000cf000 08:04 3934908                    /home/biruk/Libraries/Java/Webcam-Capture/libs/bridj-0.6.2.jar
7f544004e000-7f5440053000 r--s 0002a000 08:04 3543479                    /home/biruk/Libraries/Java/ZXING/zxing.jar
7f5440053000-7f544005f000 r--s 0010f000 08:04 3676548                    /home/biruk/Libraries/Java/iText/xmlworker-5.5.9-javadoc.jar
7f544005f000-7f5440077000 r--s 00217000 08:04 3676494                    /home/biruk/Libraries/Java/iText/itextpdf-5.5.9.jar
7f5440077000-7f5440087000 r--s 0022d000 08:04 3676506                    /home/biruk/Libraries/Java/iText/itextpdf-5.5.9-sources.jar
7f5440087000-7f54400af000 r--s 00525000 08:04 3676498                    /home/biruk/Libraries/Java/iText/itextpdf-5.5.9-javadoc.jar
7f54400af000-7f54400b2000 ---p 00000000 00:00 0 
7f54400b2000-7f54401b0000 rw-p 00000000 00:00 0                          [stack:13454]
7f54401b0000-7f54401b3000 ---p 00000000 00:00 0 
7f54401b3000-7f54402b1000 rw-p 00000000 00:00 0                          [stack:13453]
7f54402b1000-7f54402b4000 ---p 00000000 00:00 0 
7f54402b4000-7f54403b2000 rw-p 00000000 00:00 0                          [stack:13452]
7f54403b2000-7f54403b5000 ---p 00000000 00:00 0 
7f54403b5000-7f54404b3000 rw-p 00000000 00:00 0                          [stack:13451]
7f54404b3000-7f54404b6000 ---p 00000000 00:00 0 
7f54404b6000-7f54405b4000 rw-p 00000000 00:00 0                          [stack:13450]
7f54405b4000-7f54405b7000 ---p 00000000 00:00 0 
7f54405b7000-7f54406b5000 rw-p 00000000 00:00 0                          [stack:13449]
7f54406b5000-7f54406b8000 ---p 00000000 00:00 0 
7f54406b8000-7f54407b6000 rw-p 00000000 00:00 0                          [stack:13448]
7f54407b6000-7f54407b7000 ---p 00000000 00:00 0 
7f54407b7000-7f5441000000 rw-p 00000000 00:00 0                          [stack:13447]
7f5441000000-7f54413d0000 rwxp 00000000 00:00 0 
7f54413d0000-7f5450000000 ---p 00000000 00:00 0 
7f5450000000-7f54503d6000 rw-p 00000000 00:00 0 
7f54503d6000-7f5454000000 ---p 00000000 00:00 0 
7f5454000000-7f5454001000 r--s 00004000 08:04 3676581                    /home/biruk/Libraries/Java/javamail-1.4.7/lib/dsn.jar
7f5454001000-7f5454007000 r--s 00038000 08:04 3676544                    /home/biruk/Libraries/Java/iText/xmlworker-5.5.9.jar
7f5454007000-7f5454018000 r--s 000b0000 08:04 3025610                    /home/biruk/Libraries/Java/google-guava.jar
7f5454018000-7f54548b1000 rw-p 00000000 00:00 0 
7f54548b1000-7f5454a89000 r--s 03d23000 08:04 3153072                    /home/biruk/Programs/jdk1.8.0_71/jre/lib/rt.jar
7f5454a89000-7f54556da000 rw-p 00000000 00:00 0 
7f54556da000-7f54556db000 ---p 00000000 00:00 0 
7f54556db000-7f54557db000 rw-p 00000000 00:00 0                          [stack:13445]
7f54557db000-7f54557dc000 ---p 00000000 00:00 0 
7f54557dc000-7f54558dc000 rw-p 00000000 00:00 0                          [stack:13444]
7f54558dc000-7f54558dd000 ---p 00000000 00:00 0 
7f54558dd000-7f54559dd000 rw-p 00000000 00:00 0                          [stack:13443]
7f54559dd000-7f54559de000 ---p 00000000 00:00 0 
7f54559de000-7f5455b08000 rw-p 00000000 00:00 0                          [stack:13442]
7f5455b08000-7f5455d70000 ---p 00000000 00:00 0 
7f5455d70000-7f5455d9a000 rw-p 00000000 00:00 0 
7f5455d9a000-7f5456002000 ---p 00000000 00:00 0 
7f5456002000-7f5456017000 rw-p 00000000 00:00 0 
7f5456017000-7f545614b000 ---p 00000000 00:00 0 
7f545614b000-7f545615c000 rw-p 00000000 00:00 0 
7f545615c000-7f545650c000 ---p 00000000 00:00 0 
7f545650c000-7f5456526000 r-xp 00000000 08:04 3281518                    /home/biruk/Programs/jdk1.8.0_71/jre/lib/amd64/libzip.so
7f5456526000-7f5456726000 ---p 0001a000 08:04 3281518                    /home/biruk/Programs/jdk1.8.0_71/jre/lib/amd64/libzip.so
7f5456726000-7f5456727000 rw-p 0001a000 08:04 3281518                    /home/biruk/Programs/jdk1.8.0_71/jre/lib/amd64/libzip.so
7f5456727000-7f5456732000 r-xp 00000000 08:04 1052867                    /lib/x86_64-linux-gnu/libnss_files-2.19.so
7f5456732000-7f5456931000 ---p 0000b000 08:04 1052867                    /lib/x86_64-linux-gnu/libnss_files-2.19.so
7f5456931000-7f5456932000 r--p 0000a000 08:04 1052867                    /lib/x86_64-linux-gnu/libnss_files-2.19.so
7f5456932000-7f5456933000 rw-p 0000b000 08:04 1052867                    /lib/x86_64-linux-gnu/libnss_files-2.19.so
7f5456933000-7f545693e000 r-xp 00000000 08:04 1048676                    /lib/x86_64-linux-gnu/libnss_nis-2.19.so
7f545693e000-7f5456b3d000 ---p 0000b000 08:04 1048676                    /lib/x86_64-linux-gnu/libnss_nis-2.19.so
7f5456b3d000-7f5456b3e000 r--p 0000a000 08:04 1048676                    /lib/x86_64-linux-gnu/libnss_nis-2.19.so
7f5456b3e000-7f5456b3f000 rw-p 0000b000 08:04 1048676                    /lib/x86_64-linux-gnu/libnss_nis-2.19.so
7f5456b3f000-7f5456b56000 r-xp 00000000 08:04 1048672                    /lib/x86_64-linux-gnu/libnsl-2.19.so
7f5456b56000-7f5456d55000 ---p 00017000 08:04 1048672                    /lib/x86_64-linux-gnu/libnsl-2.19.so
7f5456d55000-7f5456d56000 r--p 00016000 08:04 1048672                    /lib/x86_64-linux-gnu/libnsl-2.19.so
7f5456d56000-7f5456d57000 rw-p 00017000 08:04 1048672                    /lib/x86_64-linux-gnu/libnsl-2.19.so
7f5456d57000-7f5456d59000 rw-p 00000000 00:00 0 
7f5456d59000-7f5456d62000 r-xp 00000000 08:04 1048671                    /lib/x86_64-linux-gnu/libnss_compat-2.19.so
7f5456d62000-7f5456f61000 ---p 00009000 08:04 1048671                    /lib/x86_64-linux-gnu/libnss_compat-2.19.so
7f5456f61000-7f5456f62000 r--p 00008000 08:04 1048671                    /lib/x86_64-linux-gnu/libnss_compat-2.19.so
7f5456f62000-7f5456f63000 rw-p 00009000 08:04 1048671                    /lib/x86_64-linux-gnu/libnss_compat-2.19.so
7f5456f63000-7f5456f8d000 r-xp 00000000 08:04 3281494                    /home/biruk/Programs/jdk1.8.0_71/jre/lib/amd64/libjava.so
7f5456f8d000-7f545718d000 ---p 0002a000 08:04 3281494                    /home/biruk/Programs/jdk1.8.0_71/jre/lib/amd64/libjava.so
7f545718d000-7f545718f000 rw-p 0002a000 08:04 3281494                    /home/biruk/Programs/jdk1.8.0_71/jre/lib/amd64/libjava.so
7f545718f000-7f545719c000 r-xp 00000000 08:04 3281463                    /home/biruk/Programs/jdk1.8.0_71/jre/lib/amd64/libverify.so
7f545719c000-7f545739c000 ---p 0000d000 08:04 3281463                    /home/biruk/Programs/jdk1.8.0_71/jre/lib/amd64/libverify.so
7f545739c000-7f545739e000 rw-p 0000d000 08:04 3281463                    /home/biruk/Programs/jdk1.8.0_71/jre/lib/amd64/libverify.so
7f545739e000-7f54573a5000 r-xp 00000000 08:04 1048680                    /lib/x86_64-linux-gnu/librt-2.19.so
7f54573a5000-7f54575a4000 ---p 00007000 08:04 1048680                    /lib/x86_64-linux-gnu/librt-2.19.so
7f54575a4000-7f54575a5000 r--p 00006000 08:04 1048680                    /lib/x86_64-linux-gnu/librt-2.19.so
7f54575a5000-7f54575a6000 rw-p 00007000 08:04 1048680                    /lib/x86_64-linux-gnu/librt-2.19.so
7f54575a6000-7f54576ab000 r-xp 00000000 08:04 1048666                    /lib/x86_64-linux-gnu/libm-2.19.so
7f54576ab000-7f54578aa000 ---p 00105000 08:04 1048666                    /lib/x86_64-linux-gnu/libm-2.19.so
7f54578aa000-7f54578ab000 r--p 00104000 08:04 1048666                    /lib/x86_64-linux-gnu/libm-2.19.so
7f54578ab000-7f54578ac000 rw-p 00105000 08:04 1048666                    /lib/x86_64-linux-gnu/libm-2.19.so
7f54578ac000-7f545856b000 r-xp 00000000 08:04 3281392                    /home/biruk/Programs/jdk1.8.0_71/jre/lib/amd64/server/libjvm.so
7f545856b000-7f545876a000 ---p 00cbf000 08:04 3281392                    /home/biruk/Programs/jdk1.8.0_71/jre/lib/amd64/server/libjvm.so
7f545876a000-7f5458843000 rw-p 00cbe000 08:04 3281392                    /home/biruk/Programs/jdk1.8.0_71/jre/lib/amd64/server/libjvm.so
7f5458843000-7f545888c000 rw-p 00000000 00:00 0 
7f545888c000-7f5458a47000 r-xp 00000000 08:04 1052864                    /lib/x86_64-linux-gnu/libc-2.19.so
7f5458a47000-7f5458c46000 ---p 001bb000 08:04 1052864                    /lib/x86_64-linux-gnu/libc-2.19.so
7f5458c46000-7f5458c4a000 r--p 001ba000 08:04 1052864                    /lib/x86_64-linux-gnu/libc-2.19.so
7f5458c4a000-7f5458c4c000 rw-p 001be000 08:04 1052864                    /lib/x86_64-linux-gnu/libc-2.19.so
7f5458c4c000-7f5458c51000 rw-p 00000000 00:00 0 
7f5458c51000-7f5458c54000 r-xp 00000000 08:04 1048668                    /lib/x86_64-linux-gnu/libdl-2.19.so
7f5458c54000-7f5458e53000 ---p 00003000 08:04 1048668                    /lib/x86_64-linux-gnu/libdl-2.19.so
7f5458e53000-7f5458e54000 r--p 00002000 08:04 1048668                    /lib/x86_64-linux-gnu/libdl-2.19.so
7f5458e54000-7f5458e55000 rw-p 00003000 08:04 1048668                    /lib/x86_64-linux-gnu/libdl-2.19.so
7f5458e55000-7f5458e6a000 r-xp 00000000 08:04 3281526                    /home/biruk/Programs/jdk1.8.0_71/lib/amd64/jli/libjli.so
7f5458e6a000-7f545906a000 ---p 00015000 08:04 3281526                    /home/biruk/Programs/jdk1.8.0_71/lib/amd64/jli/libjli.so
7f545906a000-7f545906b000 rw-p 00015000 08:04 3281526                    /home/biruk/Programs/jdk1.8.0_71/lib/amd64/jli/libjli.so
7f545906b000-7f5459084000 r-xp 00000000 08:04 1048673                    /lib/x86_64-linux-gnu/libpthread-2.19.so
7f5459084000-7f5459283000 ---p 00019000 08:04 1048673                    /lib/x86_64-linux-gnu/libpthread-2.19.so
7f5459283000-7f5459284000 r--p 00018000 08:04 1048673                    /lib/x86_64-linux-gnu/libpthread-2.19.so
7f5459284000-7f5459285000 rw-p 00019000 08:04 1048673                    /lib/x86_64-linux-gnu/libpthread-2.19.so
7f5459285000-7f5459289000 rw-p 00000000 00:00 0 
7f5459289000-7f54592ac000 r-xp 00000000 08:04 1048674                    /lib/x86_64-linux-gnu/ld-2.19.so
7f54592ac000-7f54592ad000 r--s 00009000 08:04 3025611                    /home/biruk/Libraries/Java/javase-2.2.jar
7f54592ad000-7f54592b3000 r--s 00055000 08:04 3676556                    /home/biruk/Libraries/Java/iText/xmlworker-5.5.9-sources.jar
7f54592b3000-7f54592b6000 r--s 0001b000 08:04 3676526                    /home/biruk/Libraries/Java/iText/itext-xtra-5.5.9.jar
7f54592b6000-7f54592bb000 r--s 00055000 08:04 3676530                    /home/biruk/Libraries/Java/iText/itext-xtra-5.5.9-javadoc.jar
7f54592bb000-7f5459386000 rw-p 00000000 00:00 0 
7f5459386000-7f5459389000 ---p 00000000 00:00 0 
7f5459389000-7f545948b000 rw-p 00000000 00:00 0                          [stack:13440]
7f545948b000-7f545948d000 r--s 0001e000 08:04 3676538                    /home/biruk/Libraries/Java/iText/itext-xtra-5.5.9-sources.jar
7f545948d000-7f545948f000 r--s 0001b000 08:04 3676510                    /home/biruk/Libraries/Java/iText/itext-pdfa-5.5.9.jar
7f545948f000-7f5459491000 r--s 0001d000 08:04 3676522                    /home/biruk/Libraries/Java/iText/itext-pdfa-5.5.9-sources.jar
7f5459491000-7f5459497000 r--s 0006f000 08:04 3676514                    /home/biruk/Libraries/Java/iText/itext-pdfa-5.5.9-javadoc.jar
7f5459497000-7f545949f000 r--s 000c3000 08:04 4070706                    /home/biruk/Programs/netbeans-8.1/ide/modules/ext/mysql-connector-java-5.1.23-bin.jar
7f545949f000-7f54594a7000 rw-s 00000000 08:04 5243161                    /tmp/hsperfdata_biruk/13436
7f54594a7000-7f54594a8000 rw-p 00000000 00:00 0 
7f54594a8000-7f54594a9000 r--p 00000000 00:00 0 
7f54594a9000-7f54594ab000 rw-p 00000000 00:00 0 
7f54594ab000-7f54594ac000 r--p 00022000 08:04 1048674                    /lib/x86_64-linux-gnu/ld-2.19.so
7f54594ac000-7f54594ad000 rw-p 00023000 08:04 1048674                    /lib/x86_64-linux-gnu/ld-2.19.so
7f54594ad000-7f54594ae000 rw-p 00000000 00:00 0 
7ffe2542f000-7ffe25450000 rw-p 00000000 00:00 0                          [stack]
7ffe254e3000-7ffe254e5000 r--p 00000000 00:00 0                          [vvar]
7ffe254e5000-7ffe254e7000 r-xp 00000000 00:00 0                          [vdso]
ffffffffff600000-ffffffffff601000 r-xp 00000000 00:00 0                  [vsyscall]

VM Arguments:
jvm_args: -Dfile.encoding=UTF-8 
java_command: Boundary.Transaction
java_class_path (initial): /home/biruk/Programs/netbeans-8.1/ide/modules/ext/mysql-connector-java-5.1.23-bin.jar:/home/biruk/Libraries/Java/google-guava.jar:/home/biruk/Libraries/Java/iText/itext-pdfa-5.5.9-javadoc.jar:/home/biruk/Libraries/Java/iText/itext-pdfa-5.5.9-sources.jar:/home/biruk/Libraries/Java/iText/itext-pdfa-5.5.9.jar:/home/biruk/Libraries/Java/iText/itext-xtra-5.5.9-javadoc.jar:/home/biruk/Libraries/Java/iText/itext-xtra-5.5.9-sources.jar:/home/biruk/Libraries/Java/iText/itext-xtra-5.5.9.jar:/home/biruk/Libraries/Java/iText/itextpdf-5.5.9-javadoc.jar:/home/biruk/Libraries/Java/iText/itextpdf-5.5.9-sources.jar:/home/biruk/Libraries/Java/iText/itextpdf-5.5.9.jar:/home/biruk/Libraries/Java/iText/xmlworker-5.5.9-javadoc.jar:/home/biruk/Libraries/Java/iText/xmlworker-5.5.9-sources.jar:/home/biruk/Libraries/Java/iText/xmlworker-5.5.9.jar:/home/biruk/Libraries/Java/ZXING/zxing.jar:/home/biruk/Libraries/Java/Webcam-Capture/libs/bridj-0.6.2.jar:/home/biruk/Libraries/Java/Webcam-Capture/libs/slf4j-api-1.7.2.jar:/home/biruk/Libraries/Java/Webcam-Capture/webcam-capture-0.3.10.jar:/home/biruk/Libraries/Java/core-2.2.jar:/home/biruk/Libraries/Java/javase-2.2.jar:/home/biruk/Libraries/Java/javamail-1.4.7/mail.jar:/home/biruk/Libraries/Java/javamail-1.4.7/lib/dsn.jar:/home/biruk/Libraries/Java/javamail-1.4.7/lib/gimap.jar:/home/biruk/Libraries/Java/javamail-1.4.7/lib/imap.jar:/home/biruk/Libraries/Java/javamail-1.4.7/lib/mailapi.jar:/home/biruk/Libraries/Java/javamail-1.4.7/lib/pop3.jar:/home/biruk/Libraries/Java/javamail-1.4.7/lib/smtp.jar:/home/biruk/Libraries/Java/rs2xml.jar:/home/biruk/NetBeansProjects/ILMS/build/classes
Launcher Type: SUN_STANDARD

Environment Variables:
JAVA_HOME=/usr/lib/jvm/java-1.7.0-openjdk-amd64
PATH=/usr/local/sbin:/usr/local/bin:/usr/sbin:/usr/bin:/sbin:/bin:/usr/games:/usr/local/games
LD_LIBRARY_PATH=/home/biruk/Programs/jdk1.8.0_71/jre/lib/amd64:/home/biruk/Programs/jdk1.8.0_71/jre/lib/i386:
SHELL=/bin/bash
DISPLAY=:0

Signal Handlers:
SIGSEGV: [libjvm.so+0xabafa0], sa_mask[0]=11111111011111111101111111111110, sa_flags=SA_RESTART|SA_SIGINFO
SIGBUS: [libjvm.so+0xabafa0], sa_mask[0]=11111111011111111101111111111110, sa_flags=SA_RESTART|SA_SIGINFO
SIGFPE: [libjvm.so+0x9183c0], sa_mask[0]=11111111011111111101111111111110, sa_flags=SA_RESTART|SA_SIGINFO
SIGPIPE: [libjvm.so+0x9183c0], sa_mask[0]=11111111011111111101111111111110, sa_flags=SA_RESTART|SA_SIGINFO
SIGXFSZ: [libjvm.so+0x9183c0], sa_mask[0]=11111111011111111101111111111110, sa_flags=SA_RESTART|SA_SIGINFO
SIGILL: [libjvm.so+0x9183c0], sa_mask[0]=11111111011111111101111111111110, sa_flags=SA_RESTART|SA_SIGINFO
SIGUSR1: SIG_DFL, sa_mask[0]=00000000000000000000000000000000, sa_flags=none
SIGUSR2: [libjvm.so+0x9199f0], sa_mask[0]=00100000000000000000000000000000, sa_flags=SA_RESTART|SA_SIGINFO
SIGHUP: [libjvm.so+0x91adf0], sa_mask[0]=11111111011111111101111111111110, sa_flags=SA_RESTART|SA_SIGINFO
SIGINT: SIG_IGN, sa_mask[0]=00000000000000000000000000000000, sa_flags=none
SIGTERM: [libjvm.so+0x91adf0], sa_mask[0]=11111111011111111101111111111110, sa_flags=SA_RESTART|SA_SIGINFO
SIGQUIT: [libjvm.so+0x91adf0], sa_mask[0]=11111111011111111101111111111110, sa_flags=SA_RESTART|SA_SIGINFO


---------------  S Y S T E M  ---------------

OS:DISTRIB_ID=Ubuntu
DISTRIB_RELEASE=14.04
DISTRIB_CODENAME=trusty
DISTRIB_DESCRIPTION="Ubuntu 14.04.4 LTS"

uname:Linux 3.19.0-56-generic #62~14.04.1-Ubuntu SMP Fri Mar 11 11:03:15 UTC 2016 x86_64
libc:glibc 2.19 NPTL 2.19 
rlimit: STACK 8192k, CORE 0k, NPROC 31484, NOFILE 4096, AS infinity
load average:0.66 0.81 0.95

/proc/meminfo:
MemTotal:        8081532 kB
MemFree:         2751420 kB
MemAvailable:    4579792 kB
Buffers:          434920 kB
Cached:          1677208 kB
SwapCached:            0 kB
Active:          3989008 kB
Inactive:        1088000 kB
Active(anon):    2988296 kB
Inactive(anon):   153800 kB
Active(file):    1000712 kB
Inactive(file):   934200 kB
Unevictable:          56 kB
Mlocked:              56 kB
SwapTotal:             0 kB
SwapFree:              0 kB
Dirty:               280 kB
Writeback:             8 kB
AnonPages:       2919420 kB
Mapped:           289572 kB
Shmem:            177044 kB
Slab:             176104 kB
SReclaimable:     124804 kB
SUnreclaim:        51300 kB
KernelStack:        9440 kB
PageTables:        23344 kB
NFS_Unstable:          0 kB
Bounce:                0 kB
WritebackTmp:          0 kB
CommitLimit:     4040764 kB
Committed_AS:    4961920 kB
VmallocTotal:   34359738367 kB
VmallocUsed:      354336 kB
VmallocChunk:   34359375324 kB
HardwareCorrupted:     0 kB
AnonHugePages:   2416640 kB
CmaTotal:              0 kB
CmaFree:               0 kB
HugePages_Total:       0
HugePages_Free:        0
HugePages_Rsvd:        0
HugePages_Surp:        0
Hugepagesize:       2048 kB
DirectMap4k:      229664 kB
DirectMap2M:     8065024 kB


CPU:total 4 (2 cores per cpu, 2 threads per core) family 6 model 42 stepping 7, cmov, cx8, fxsr, mmx, sse, sse2, sse3, ssse3, sse4.1, sse4.2, popcnt, avx, aes, clmul, ht, tsc, tscinvbit

/proc/cpuinfo:
processor	: 0
vendor_id	: GenuineIntel
cpu family	: 6
model		: 42
model name	: Intel(R) Core(TM) i5-2450M CPU @ 2.50GHz
stepping	: 7
microcode	: 0x1b
cpu MHz		: 2633.007
cache size	: 3072 KB
physical id	: 0
siblings	: 4
core id		: 0
cpu cores	: 2
apicid		: 0
initial apicid	: 0
fpu		: yes
fpu_exception	: yes
cpuid level	: 13
wp		: yes
flags		: fpu vme de pse tsc msr pae mce cx8 apic sep mtrr pge mca cmov pat pse36 clflush dts acpi mmx fxsr sse sse2 ss ht tm pbe syscall nx rdtscp lm constant_tsc arch_perfmon pebs bts rep_good nopl xtopology nonstop_tsc aperfmperf eagerfpu pni pclmulqdq dtes64 monitor ds_cpl vmx est tm2 ssse3 cx16 xtpr pdcm pcid sse4_1 sse4_2 x2apic popcnt tsc_deadline_timer aes xsave avx lahf_lm ida arat epb pln pts dtherm tpr_shadow vnmi flexpriority ept vpid xsaveopt
bugs		:
bogomips	: 4988.86
clflush size	: 64
cache_alignment	: 64
address sizes	: 36 bits physical, 48 bits virtual
power management:

processor	: 1
vendor_id	: GenuineIntel
cpu family	: 6
model		: 42
model name	: Intel(R) Core(TM) i5-2450M CPU @ 2.50GHz
stepping	: 7
microcode	: 0x1b
cpu MHz		: 2699.707
cache size	: 3072 KB
physical id	: 0
siblings	: 4
core id		: 1
cpu cores	: 2
apicid		: 2
initial apicid	: 2
fpu		: yes
fpu_exception	: yes
cpuid level	: 13
wp		: yes
flags		: fpu vme de pse tsc msr pae mce cx8 apic sep mtrr pge mca cmov pat pse36 clflush dts acpi mmx fxsr sse sse2 ss ht tm pbe syscall nx rdtscp lm constant_tsc arch_perfmon pebs bts rep_good nopl xtopology nonstop_tsc aperfmperf eagerfpu pni pclmulqdq dtes64 monitor ds_cpl vmx est tm2 ssse3 cx16 xtpr pdcm pcid sse4_1 sse4_2 x2apic popcnt tsc_deadline_timer aes xsave avx lahf_lm ida arat epb pln pts dtherm tpr_shadow vnmi flexpriority ept vpid xsaveopt
bugs		:
bogomips	: 4988.86
clflush size	: 64
cache_alignment	: 64
address sizes	: 36 bits physical, 48 bits virtual
power management:

processor	: 2
vendor_id	: GenuineIntel
cpu family	: 6
model		: 42
model name	: Intel(R) Core(TM) i5-2450M CPU @ 2.50GHz
stepping	: 7
microcode	: 0x1b
cpu MHz		: 2633.007
cache size	: 3072 KB
physical id	: 0
siblings	: 4
core id		: 0
cpu cores	: 2
apicid		: 1
initial apicid	: 1
fpu		: yes
fpu_exception	: yes
cpuid level	: 13
wp		: yes
flags		: fpu vme de pse tsc msr pae mce cx8 apic sep mtrr pge mca cmov pat pse36 clflush dts acpi mmx fxsr sse sse2 ss ht tm pbe syscall nx rdtscp lm constant_tsc arch_perfmon pebs bts rep_good nopl xtopology nonstop_tsc aperfmperf eagerfpu pni pclmulqdq dtes64 monitor ds_cpl vmx est tm2 ssse3 cx16 xtpr pdcm pcid sse4_1 sse4_2 x2apic popcnt tsc_deadline_timer aes xsave avx lahf_lm ida arat epb pln pts dtherm tpr_shadow vnmi flexpriority ept vpid xsaveopt
bugs		:
bogomips	: 4988.86
clflush size	: 64
cache_alignment	: 64
address sizes	: 36 bits physical, 48 bits virtual
power management:

processor	: 3
vendor_id	: GenuineIntel
cpu family	: 6
model		: 42
model name	: Intel(R) Core(TM) i5-2450M CPU @ 2.50GHz
stepping	: 7
microcode	: 0x1b
cpu MHz		: 2663.281
cache size	: 3072 KB
physical id	: 0
siblings	: 4
core id		: 1
cpu cores	: 2
apicid		: 3
initial apicid	: 3
fpu		: yes
fpu_exception	: yes
cpuid level	: 13
wp		: yes
flags		: fpu vme de pse tsc msr pae mce cx8 apic sep mtrr pge mca cmov pat pse36 clflush dts acpi mmx fxsr sse sse2 ss ht tm pbe syscall nx rdtscp lm constant_tsc arch_perfmon pebs bts rep_good nopl xtopology nonstop_tsc aperfmperf eagerfpu pni pclmulqdq dtes64 monitor ds_cpl vmx est tm2 ssse3 cx16 xtpr pdcm pcid sse4_1 sse4_2 x2apic popcnt tsc_deadline_timer aes xsave avx lahf_lm ida arat epb pln pts dtherm tpr_shadow vnmi flexpriority ept vpid xsaveopt
bugs		:
bogomips	: 4988.86
clflush size	: 64
cache_alignment	: 64
address sizes	: 36 bits physical, 48 bits virtual
power management:



Memory: 4k page, physical 8081532k(2763264k free), swap 0k(0k free)

vm_info: Java HotSpot(TM) 64-Bit Server VM (25.71-b15) for linux-amd64 JRE (1.8.0_71-b15), built on Dec 22 2015 18:21:33 by "java_re" with gcc 4.3.0 20080428 (Red Hat 4.3.0-8)

time: Tue Jun 21 22:44:07 2016
elapsed time: 13000 seconds (0d 3h 36m 40s)

